The system is: Linux - 4.4.0-134-generic - x86_64
Compiling the C compiler identification source file "CMakeCCompilerId.c" succeeded.
Compiler: /usr/bin/cc 
Build flags: 
Id flags: 

The output was:
0


Compilation of the C compiler identification source "CMakeCCompilerId.c" produced "a.out"

The C compiler identification is GNU, found in "/home/owg/Documents/homework/Graphics/assignments/game_phase1/asteroids_template/CMakeFiles/3.5.1/CompilerIdC/a.out"

Compiling the CXX compiler identification source file "CMakeCXXCompilerId.cpp" succeeded.
Compiler: /usr/bin/c++ 
Build flags: 
Id flags: 

The output was:
0


Compilation of the CXX compiler identification source "CMakeCXXCompilerId.cpp" produced "a.out"

The CXX compiler identification is GNU, found in "/home/owg/Documents/homework/Graphics/assignments/game_phase1/asteroids_template/CMakeFiles/3.5.1/CompilerIdCXX/a.out"

Determining if the C compiler works passed with the following output:
Change Dir: /home/owg/Documents/homework/Graphics/assignments/game_phase1/asteroids_template/CMakeFiles/CMakeTmp

Run Build Command:"/usr/bin/make" "cmTC_4508e/fast"
/usr/bin/make -f CMakeFiles/cmTC_4508e.dir/build.make CMakeFiles/cmTC_4508e.dir/build
make[1]: Entering directory '/home/owg/Documents/homework/Graphics/assignments/game_phase1/asteroids_template/CMakeFiles/CMakeTmp'
Building C object CMakeFiles/cmTC_4508e.dir/testCCompiler.c.o
/usr/bin/cc     -o CMakeFiles/cmTC_4508e.dir/testCCompiler.c.o   -c /home/owg/Documents/homework/Graphics/assignments/game_phase1/asteroids_template/CMakeFiles/CMakeTmp/testCCompiler.c
Linking C executable cmTC_4508e
/usr/bin/cmake -E cmake_link_script CMakeFiles/cmTC_4508e.dir/link.txt --verbose=1
/usr/bin/cc       CMakeFiles/cmTC_4508e.dir/testCCompiler.c.o  -o cmTC_4508e -rdynamic 
make[1]: Leaving directory '/home/owg/Documents/homework/Graphics/assignments/game_phase1/asteroids_template/CMakeFiles/CMakeTmp'


Detecting C compiler ABI info compiled with the following output:
Change Dir: /home/owg/Documents/homework/Graphics/assignments/game_phase1/asteroids_template/CMakeFiles/CMakeTmp

Run Build Command:"/usr/bin/make" "cmTC_fba7f/fast"
/usr/bin/make -f CMakeFiles/cmTC_fba7f.dir/build.make CMakeFiles/cmTC_fba7f.dir/build
make[1]: Entering directory '/home/owg/Documents/homework/Graphics/assignments/game_phase1/asteroids_template/CMakeFiles/CMakeTmp'
Building C object CMakeFiles/cmTC_fba7f.dir/CMakeCCompilerABI.c.o
/usr/bin/cc     -o CMakeFiles/cmTC_fba7f.dir/CMakeCCompilerABI.c.o   -c /usr/share/cmake-3.5/Modules/CMakeCCompilerABI.c
Linking C executable cmTC_fba7f
/usr/bin/cmake -E cmake_link_script CMakeFiles/cmTC_fba7f.dir/link.txt --verbose=1
/usr/bin/cc      -v CMakeFiles/cmTC_fba7f.dir/CMakeCCompilerABI.c.o  -o cmTC_fba7f -rdynamic  
Using built-in specs.
COLLECT_GCC=/usr/bin/cc
COLLECT_LTO_WRAPPER=/usr/lib/gcc/x86_64-linux-gnu/5/lto-wrapper
Target: x86_64-linux-gnu
Configured with: ../src/configure -v --with-pkgversion='Ubuntu 5.4.0-6ubuntu1~16.04.10' --with-bugurl=file:///usr/share/doc/gcc-5/README.Bugs --enable-languages=c,ada,c++,java,go,d,fortran,objc,obj-c++ --prefix=/usr --program-suffix=-5 --enable-shared --enable-linker-build-id --libexecdir=/usr/lib --without-included-gettext --enable-threads=posix --libdir=/usr/lib --enable-nls --with-sysroot=/ --enable-clocale=gnu --enable-libstdcxx-debug --enable-libstdcxx-time=yes --with-default-libstdcxx-abi=new --enable-gnu-unique-object --disable-vtable-verify --enable-libmpx --enable-plugin --with-system-zlib --disable-browser-plugin --enable-java-awt=gtk --enable-gtk-cairo --with-java-home=/usr/lib/jvm/java-1.5.0-gcj-5-amd64/jre --enable-java-home --with-jvm-root-dir=/usr/lib/jvm/java-1.5.0-gcj-5-amd64 --with-jvm-jar-dir=/usr/lib/jvm-exports/java-1.5.0-gcj-5-amd64 --with-arch-directory=amd64 --with-ecj-jar=/usr/share/java/eclipse-ecj.jar --enable-objc-gc --enable-multiarch --disable-werror --with-arch-32=i686 --with-abi=m64 --with-multilib-list=m32,m64,mx32 --enable-multilib --with-tune=generic --enable-checking=release --build=x86_64-linux-gnu --host=x86_64-linux-gnu --target=x86_64-linux-gnu
Thread model: posix
gcc version 5.4.0 20160609 (Ubuntu 5.4.0-6ubuntu1~16.04.10) 
COMPILER_PATH=/usr/lib/gcc/x86_64-linux-gnu/5/:/usr/lib/gcc/x86_64-linux-gnu/5/:/usr/lib/gcc/x86_64-linux-gnu/:/usr/lib/gcc/x86_64-linux-gnu/5/:/usr/lib/gcc/x86_64-linux-gnu/
LIBRARY_PATH=/usr/lib/gcc/x86_64-linux-gnu/5/:/usr/lib/gcc/x86_64-linux-gnu/5/../../../x86_64-linux-gnu/:/usr/lib/gcc/x86_64-linux-gnu/5/../../../../lib/:/lib/x86_64-linux-gnu/:/lib/../lib/:/usr/lib/x86_64-linux-gnu/:/usr/lib/../lib/:/usr/lib/gcc/x86_64-linux-gnu/5/../../../:/lib/:/usr/lib/
COLLECT_GCC_OPTIONS='-v' '-o' 'cmTC_fba7f' '-rdynamic' '-mtune=generic' '-march=x86-64'
 /usr/lib/gcc/x86_64-linux-gnu/5/collect2 -plugin /usr/lib/gcc/x86_64-linux-gnu/5/liblto_plugin.so -plugin-opt=/usr/lib/gcc/x86_64-linux-gnu/5/lto-wrapper -plugin-opt=-fresolution=/tmp/ccM9Msp7.res -plugin-opt=-pass-through=-lgcc -plugin-opt=-pass-through=-lgcc_s -plugin-opt=-pass-through=-lc -plugin-opt=-pass-through=-lgcc -plugin-opt=-pass-through=-lgcc_s --sysroot=/ --build-id --eh-frame-hdr -m elf_x86_64 --hash-style=gnu --as-needed -export-dynamic -dynamic-linker /lib64/ld-linux-x86-64.so.2 -z relro -o cmTC_fba7f /usr/lib/gcc/x86_64-linux-gnu/5/../../../x86_64-linux-gnu/crt1.o /usr/lib/gcc/x86_64-linux-gnu/5/../../../x86_64-linux-gnu/crti.o /usr/lib/gcc/x86_64-linux-gnu/5/crtbegin.o -L/usr/lib/gcc/x86_64-linux-gnu/5 -L/usr/lib/gcc/x86_64-linux-gnu/5/../../../x86_64-linux-gnu -L/usr/lib/gcc/x86_64-linux-gnu/5/../../../../lib -L/lib/x86_64-linux-gnu -L/lib/../lib -L/usr/lib/x86_64-linux-gnu -L/usr/lib/../lib -L/usr/lib/gcc/x86_64-linux-gnu/5/../../.. CMakeFiles/cmTC_fba7f.dir/CMakeCCompilerABI.c.o -lgcc --as-needed -lgcc_s --no-as-needed -lc -lgcc --as-needed -lgcc_s --no-as-needed /usr/lib/gcc/x86_64-linux-gnu/5/crtend.o /usr/lib/gcc/x86_64-linux-gnu/5/../../../x86_64-linux-gnu/crtn.o
make[1]: Leaving directory '/home/owg/Documents/homework/Graphics/assignments/game_phase1/asteroids_template/CMakeFiles/CMakeTmp'


Parsed C implicit link information from above output:
  link line regex: [^( *|.*[/\])(ld|([^/\]+-)?ld|collect2)[^/\]*( |$)]
  ignore line: [Change Dir: /home/owg/Documents/homework/Graphics/assignments/game_phase1/asteroids_template/CMakeFiles/CMakeTmp]
  ignore line: []
  ignore line: [Run Build Command:"/usr/bin/make" "cmTC_fba7f/fast"]
  ignore line: [/usr/bin/make -f CMakeFiles/cmTC_fba7f.dir/build.make CMakeFiles/cmTC_fba7f.dir/build]
  ignore line: [make[1]: Entering directory '/home/owg/Documents/homework/Graphics/assignments/game_phase1/asteroids_template/CMakeFiles/CMakeTmp']
  ignore line: [Building C object CMakeFiles/cmTC_fba7f.dir/CMakeCCompilerABI.c.o]
  ignore line: [/usr/bin/cc     -o CMakeFiles/cmTC_fba7f.dir/CMakeCCompilerABI.c.o   -c /usr/share/cmake-3.5/Modules/CMakeCCompilerABI.c]
  ignore line: [Linking C executable cmTC_fba7f]
  ignore line: [/usr/bin/cmake -E cmake_link_script CMakeFiles/cmTC_fba7f.dir/link.txt --verbose=1]
  ignore line: [/usr/bin/cc      -v CMakeFiles/cmTC_fba7f.dir/CMakeCCompilerABI.c.o  -o cmTC_fba7f -rdynamic  ]
  ignore line: [Using built-in specs.]
  ignore line: [COLLECT_GCC=/usr/bin/cc]
  ignore line: [COLLECT_LTO_WRAPPER=/usr/lib/gcc/x86_64-linux-gnu/5/lto-wrapper]
  ignore line: [Target: x86_64-linux-gnu]
  ignore line: [Configured with: ../src/configure -v --with-pkgversion='Ubuntu 5.4.0-6ubuntu1~16.04.10' --with-bugurl=file:///usr/share/doc/gcc-5/README.Bugs --enable-languages=c,ada,c++,java,go,d,fortran,objc,obj-c++ --prefix=/usr --program-suffix=-5 --enable-shared --enable-linker-build-id --libexecdir=/usr/lib --without-included-gettext --enable-threads=posix --libdir=/usr/lib --enable-nls --with-sysroot=/ --enable-clocale=gnu --enable-libstdcxx-debug --enable-libstdcxx-time=yes --with-default-libstdcxx-abi=new --enable-gnu-unique-object --disable-vtable-verify --enable-libmpx --enable-plugin --with-system-zlib --disable-browser-plugin --enable-java-awt=gtk --enable-gtk-cairo --with-java-home=/usr/lib/jvm/java-1.5.0-gcj-5-amd64/jre --enable-java-home --with-jvm-root-dir=/usr/lib/jvm/java-1.5.0-gcj-5-amd64 --with-jvm-jar-dir=/usr/lib/jvm-exports/java-1.5.0-gcj-5-amd64 --with-arch-directory=amd64 --with-ecj-jar=/usr/share/java/eclipse-ecj.jar --enable-objc-gc --enable-multiarch --disable-werror --with-arch-32=i686 --with-abi=m64 --with-multilib-list=m32,m64,mx32 --enable-multilib --with-tune=generic --enable-checking=release --build=x86_64-linux-gnu --host=x86_64-linux-gnu --target=x86_64-linux-gnu]
  ignore line: [Thread model: posix]
  ignore line: [gcc version 5.4.0 20160609 (Ubuntu 5.4.0-6ubuntu1~16.04.10) ]
  ignore line: [COMPILER_PATH=/usr/lib/gcc/x86_64-linux-gnu/5/:/usr/lib/gcc/x86_64-linux-gnu/5/:/usr/lib/gcc/x86_64-linux-gnu/:/usr/lib/gcc/x86_64-linux-gnu/5/:/usr/lib/gcc/x86_64-linux-gnu/]
  ignore line: [LIBRARY_PATH=/usr/lib/gcc/x86_64-linux-gnu/5/:/usr/lib/gcc/x86_64-linux-gnu/5/../../../x86_64-linux-gnu/:/usr/lib/gcc/x86_64-linux-gnu/5/../../../../lib/:/lib/x86_64-linux-gnu/:/lib/../lib/:/usr/lib/x86_64-linux-gnu/:/usr/lib/../lib/:/usr/lib/gcc/x86_64-linux-gnu/5/../../../:/lib/:/usr/lib/]
  ignore line: [COLLECT_GCC_OPTIONS='-v' '-o' 'cmTC_fba7f' '-rdynamic' '-mtune=generic' '-march=x86-64']
  link line: [ /usr/lib/gcc/x86_64-linux-gnu/5/collect2 -plugin /usr/lib/gcc/x86_64-linux-gnu/5/liblto_plugin.so -plugin-opt=/usr/lib/gcc/x86_64-linux-gnu/5/lto-wrapper -plugin-opt=-fresolution=/tmp/ccM9Msp7.res -plugin-opt=-pass-through=-lgcc -plugin-opt=-pass-through=-lgcc_s -plugin-opt=-pass-through=-lc -plugin-opt=-pass-through=-lgcc -plugin-opt=-pass-through=-lgcc_s --sysroot=/ --build-id --eh-frame-hdr -m elf_x86_64 --hash-style=gnu --as-needed -export-dynamic -dynamic-linker /lib64/ld-linux-x86-64.so.2 -z relro -o cmTC_fba7f /usr/lib/gcc/x86_64-linux-gnu/5/../../../x86_64-linux-gnu/crt1.o /usr/lib/gcc/x86_64-linux-gnu/5/../../../x86_64-linux-gnu/crti.o /usr/lib/gcc/x86_64-linux-gnu/5/crtbegin.o -L/usr/lib/gcc/x86_64-linux-gnu/5 -L/usr/lib/gcc/x86_64-linux-gnu/5/../../../x86_64-linux-gnu -L/usr/lib/gcc/x86_64-linux-gnu/5/../../../../lib -L/lib/x86_64-linux-gnu -L/lib/../lib -L/usr/lib/x86_64-linux-gnu -L/usr/lib/../lib -L/usr/lib/gcc/x86_64-linux-gnu/5/../../.. CMakeFiles/cmTC_fba7f.dir/CMakeCCompilerABI.c.o -lgcc --as-needed -lgcc_s --no-as-needed -lc -lgcc --as-needed -lgcc_s --no-as-needed /usr/lib/gcc/x86_64-linux-gnu/5/crtend.o /usr/lib/gcc/x86_64-linux-gnu/5/../../../x86_64-linux-gnu/crtn.o]
    arg [/usr/lib/gcc/x86_64-linux-gnu/5/collect2] ==> ignore
    arg [-plugin] ==> ignore
    arg [/usr/lib/gcc/x86_64-linux-gnu/5/liblto_plugin.so] ==> ignore
    arg [-plugin-opt=/usr/lib/gcc/x86_64-linux-gnu/5/lto-wrapper] ==> ignore
    arg [-plugin-opt=-fresolution=/tmp/ccM9Msp7.res] ==> ignore
    arg [-plugin-opt=-pass-through=-lgcc] ==> ignore
    arg [-plugin-opt=-pass-through=-lgcc_s] ==> ignore
    arg [-plugin-opt=-pass-through=-lc] ==> ignore
    arg [-plugin-opt=-pass-through=-lgcc] ==> ignore
    arg [-plugin-opt=-pass-through=-lgcc_s] ==> ignore
    arg [--sysroot=/] ==> ignore
    arg [--build-id] ==> ignore
    arg [--eh-frame-hdr] ==> ignore
    arg [-m] ==> ignore
    arg [elf_x86_64] ==> ignore
    arg [--hash-style=gnu] ==> ignore
    arg [--as-needed] ==> ignore
    arg [-export-dynamic] ==> ignore
    arg [-dynamic-linker] ==> ignore
    arg [/lib64/ld-linux-x86-64.so.2] ==> ignore
    arg [-zrelro] ==> ignore
    arg [-o] ==> ignore
    arg [cmTC_fba7f] ==> ignore
    arg [/usr/lib/gcc/x86_64-linux-gnu/5/../../../x86_64-linux-gnu/crt1.o] ==> ignore
    arg [/usr/lib/gcc/x86_64-linux-gnu/5/../../../x86_64-linux-gnu/crti.o] ==> ignore
    arg [/usr/lib/gcc/x86_64-linux-gnu/5/crtbegin.o] ==> ignore
    arg [-L/usr/lib/gcc/x86_64-linux-gnu/5] ==> dir [/usr/lib/gcc/x86_64-linux-gnu/5]
    arg [-L/usr/lib/gcc/x86_64-linux-gnu/5/../../../x86_64-linux-gnu] ==> dir [/usr/lib/gcc/x86_64-linux-gnu/5/../../../x86_64-linux-gnu]
    arg [-L/usr/lib/gcc/x86_64-linux-gnu/5/../../../../lib] ==> dir [/usr/lib/gcc/x86_64-linux-gnu/5/../../../../lib]
    arg [-L/lib/x86_64-linux-gnu] ==> dir [/lib/x86_64-linux-gnu]
    arg [-L/lib/../lib] ==> dir [/lib/../lib]
    arg [-L/usr/lib/x86_64-linux-gnu] ==> dir [/usr/lib/x86_64-linux-gnu]
    arg [-L/usr/lib/../lib] ==> dir [/usr/lib/../lib]
    arg [-L/usr/lib/gcc/x86_64-linux-gnu/5/../../..] ==> dir [/usr/lib/gcc/x86_64-linux-gnu/5/../../..]
    arg [CMakeFiles/cmTC_fba7f.dir/CMakeCCompilerABI.c.o] ==> ignore
    arg [-lgcc] ==> lib [gcc]
    arg [--as-needed] ==> ignore
    arg [-lgcc_s] ==> lib [gcc_s]
    arg [--no-as-needed] ==> ignore
    arg [-lc] ==> lib [c]
    arg [-lgcc] ==> lib [gcc]
    arg [--as-needed] ==> ignore
    arg [-lgcc_s] ==> lib [gcc_s]
    arg [--no-as-needed] ==> ignore
    arg [/usr/lib/gcc/x86_64-linux-gnu/5/crtend.o] ==> ignore
    arg [/usr/lib/gcc/x86_64-linux-gnu/5/../../../x86_64-linux-gnu/crtn.o] ==> ignore
  remove lib [gcc]
  remove lib [gcc_s]
  remove lib [gcc]
  remove lib [gcc_s]
  collapse library dir [/usr/lib/gcc/x86_64-linux-gnu/5] ==> [/usr/lib/gcc/x86_64-linux-gnu/5]
  collapse library dir [/usr/lib/gcc/x86_64-linux-gnu/5/../../../x86_64-linux-gnu] ==> [/usr/lib/x86_64-linux-gnu]
  collapse library dir [/usr/lib/gcc/x86_64-linux-gnu/5/../../../../lib] ==> [/usr/lib]
  collapse library dir [/lib/x86_64-linux-gnu] ==> [/lib/x86_64-linux-gnu]
  collapse library dir [/lib/../lib] ==> [/lib]
  collapse library dir [/usr/lib/x86_64-linux-gnu] ==> [/usr/lib/x86_64-linux-gnu]
  collapse library dir [/usr/lib/../lib] ==> [/usr/lib]
  collapse library dir [/usr/lib/gcc/x86_64-linux-gnu/5/../../..] ==> [/usr/lib]
  implicit libs: [c]
  implicit dirs: [/usr/lib/gcc/x86_64-linux-gnu/5;/usr/lib/x86_64-linux-gnu;/usr/lib;/lib/x86_64-linux-gnu;/lib]
  implicit fwks: []




Detecting C [-std=c11] compiler features compiled with the following output:
Change Dir: /home/owg/Documents/homework/Graphics/assignments/game_phase1/asteroids_template/CMakeFiles/CMakeTmp

Run Build Command:"/usr/bin/make" "cmTC_a07f3/fast"
/usr/bin/make -f CMakeFiles/cmTC_a07f3.dir/build.make CMakeFiles/cmTC_a07f3.dir/build
make[1]: Entering directory '/home/owg/Documents/homework/Graphics/assignments/game_phase1/asteroids_template/CMakeFiles/CMakeTmp'
Building C object CMakeFiles/cmTC_a07f3.dir/feature_tests.c.o
/usr/bin/cc    -std=c11 -o CMakeFiles/cmTC_a07f3.dir/feature_tests.c.o   -c /home/owg/Documents/homework/Graphics/assignments/game_phase1/asteroids_template/CMakeFiles/feature_tests.c
Linking C executable cmTC_a07f3
/usr/bin/cmake -E cmake_link_script CMakeFiles/cmTC_a07f3.dir/link.txt --verbose=1
/usr/bin/cc       CMakeFiles/cmTC_a07f3.dir/feature_tests.c.o  -o cmTC_a07f3 -rdynamic 
make[1]: Leaving directory '/home/owg/Documents/homework/Graphics/assignments/game_phase1/asteroids_template/CMakeFiles/CMakeTmp'


    Feature record: C_FEATURE:1c_function_prototypes
    Feature record: C_FEATURE:1c_restrict
    Feature record: C_FEATURE:1c_static_assert
    Feature record: C_FEATURE:1c_variadic_macros


Detecting C [-std=c99] compiler features compiled with the following output:
Change Dir: /home/owg/Documents/homework/Graphics/assignments/game_phase1/asteroids_template/CMakeFiles/CMakeTmp

Run Build Command:"/usr/bin/make" "cmTC_008b9/fast"
/usr/bin/make -f CMakeFiles/cmTC_008b9.dir/build.make CMakeFiles/cmTC_008b9.dir/build
make[1]: Entering directory '/home/owg/Documents/homework/Graphics/assignments/game_phase1/asteroids_template/CMakeFiles/CMakeTmp'
Building C object CMakeFiles/cmTC_008b9.dir/feature_tests.c.o
/usr/bin/cc    -std=c99 -o CMakeFiles/cmTC_008b9.dir/feature_tests.c.o   -c /home/owg/Documents/homework/Graphics/assignments/game_phase1/asteroids_template/CMakeFiles/feature_tests.c
Linking C executable cmTC_008b9
/usr/bin/cmake -E cmake_link_script CMakeFiles/cmTC_008b9.dir/link.txt --verbose=1
/usr/bin/cc       CMakeFiles/cmTC_008b9.dir/feature_tests.c.o  -o cmTC_008b9 -rdynamic 
make[1]: Leaving directory '/home/owg/Documents/homework/Graphics/assignments/game_phase1/asteroids_template/CMakeFiles/CMakeTmp'


    Feature record: C_FEATURE:1c_function_prototypes
    Feature record: C_FEATURE:1c_restrict
    Feature record: C_FEATURE:0c_static_assert
    Feature record: C_FEATURE:1c_variadic_macros


Detecting C [-std=c90] compiler features compiled with the following output:
Change Dir: /home/owg/Documents/homework/Graphics/assignments/game_phase1/asteroids_template/CMakeFiles/CMakeTmp

Run Build Command:"/usr/bin/make" "cmTC_370fe/fast"
/usr/bin/make -f CMakeFiles/cmTC_370fe.dir/build.make CMakeFiles/cmTC_370fe.dir/build
make[1]: Entering directory '/home/owg/Documents/homework/Graphics/assignments/game_phase1/asteroids_template/CMakeFiles/CMakeTmp'
Building C object CMakeFiles/cmTC_370fe.dir/feature_tests.c.o
/usr/bin/cc    -std=c90 -o CMakeFiles/cmTC_370fe.dir/feature_tests.c.o   -c /home/owg/Documents/homework/Graphics/assignments/game_phase1/asteroids_template/CMakeFiles/feature_tests.c
Linking C executable cmTC_370fe
/usr/bin/cmake -E cmake_link_script CMakeFiles/cmTC_370fe.dir/link.txt --verbose=1
/usr/bin/cc       CMakeFiles/cmTC_370fe.dir/feature_tests.c.o  -o cmTC_370fe -rdynamic 
make[1]: Leaving directory '/home/owg/Documents/homework/Graphics/assignments/game_phase1/asteroids_template/CMakeFiles/CMakeTmp'


    Feature record: C_FEATURE:1c_function_prototypes
    Feature record: C_FEATURE:0c_restrict
    Feature record: C_FEATURE:0c_static_assert
    Feature record: C_FEATURE:0c_variadic_macros
Determining if the CXX compiler works passed with the following output:
Change Dir: /home/owg/Documents/homework/Graphics/assignments/game_phase1/asteroids_template/CMakeFiles/CMakeTmp

Run Build Command:"/usr/bin/make" "cmTC_49036/fast"
/usr/bin/make -f CMakeFiles/cmTC_49036.dir/build.make CMakeFiles/cmTC_49036.dir/build
make[1]: Entering directory '/home/owg/Documents/homework/Graphics/assignments/game_phase1/asteroids_template/CMakeFiles/CMakeTmp'
Building CXX object CMakeFiles/cmTC_49036.dir/testCXXCompiler.cxx.o
/usr/bin/c++      -o CMakeFiles/cmTC_49036.dir/testCXXCompiler.cxx.o -c /home/owg/Documents/homework/Graphics/assignments/game_phase1/asteroids_template/CMakeFiles/CMakeTmp/testCXXCompiler.cxx
Linking CXX executable cmTC_49036
/usr/bin/cmake -E cmake_link_script CMakeFiles/cmTC_49036.dir/link.txt --verbose=1
/usr/bin/c++        CMakeFiles/cmTC_49036.dir/testCXXCompiler.cxx.o  -o cmTC_49036 -rdynamic 
make[1]: Leaving directory '/home/owg/Documents/homework/Graphics/assignments/game_phase1/asteroids_template/CMakeFiles/CMakeTmp'


Detecting CXX compiler ABI info compiled with the following output:
Change Dir: /home/owg/Documents/homework/Graphics/assignments/game_phase1/asteroids_template/CMakeFiles/CMakeTmp

Run Build Command:"/usr/bin/make" "cmTC_56229/fast"
/usr/bin/make -f CMakeFiles/cmTC_56229.dir/build.make CMakeFiles/cmTC_56229.dir/build
make[1]: Entering directory '/home/owg/Documents/homework/Graphics/assignments/game_phase1/asteroids_template/CMakeFiles/CMakeTmp'
Building CXX object CMakeFiles/cmTC_56229.dir/CMakeCXXCompilerABI.cpp.o
/usr/bin/c++      -o CMakeFiles/cmTC_56229.dir/CMakeCXXCompilerABI.cpp.o -c /usr/share/cmake-3.5/Modules/CMakeCXXCompilerABI.cpp
Linking CXX executable cmTC_56229
/usr/bin/cmake -E cmake_link_script CMakeFiles/cmTC_56229.dir/link.txt --verbose=1
/usr/bin/c++       -v CMakeFiles/cmTC_56229.dir/CMakeCXXCompilerABI.cpp.o  -o cmTC_56229 -rdynamic  
Using built-in specs.
COLLECT_GCC=/usr/bin/c++
COLLECT_LTO_WRAPPER=/usr/lib/gcc/x86_64-linux-gnu/5/lto-wrapper
Target: x86_64-linux-gnu
Configured with: ../src/configure -v --with-pkgversion='Ubuntu 5.4.0-6ubuntu1~16.04.10' --with-bugurl=file:///usr/share/doc/gcc-5/README.Bugs --enable-languages=c,ada,c++,java,go,d,fortran,objc,obj-c++ --prefix=/usr --program-suffix=-5 --enable-shared --enable-linker-build-id --libexecdir=/usr/lib --without-included-gettext --enable-threads=posix --libdir=/usr/lib --enable-nls --with-sysroot=/ --enable-clocale=gnu --enable-libstdcxx-debug --enable-libstdcxx-time=yes --with-default-libstdcxx-abi=new --enable-gnu-unique-object --disable-vtable-verify --enable-libmpx --enable-plugin --with-system-zlib --disable-browser-plugin --enable-java-awt=gtk --enable-gtk-cairo --with-java-home=/usr/lib/jvm/java-1.5.0-gcj-5-amd64/jre --enable-java-home --with-jvm-root-dir=/usr/lib/jvm/java-1.5.0-gcj-5-amd64 --with-jvm-jar-dir=/usr/lib/jvm-exports/java-1.5.0-gcj-5-amd64 --with-arch-directory=amd64 --with-ecj-jar=/usr/share/java/eclipse-ecj.jar --enable-objc-gc --enable-multiarch --disable-werror --with-arch-32=i686 --with-abi=m64 --with-multilib-list=m32,m64,mx32 --enable-multilib --with-tune=generic --enable-checking=release --build=x86_64-linux-gnu --host=x86_64-linux-gnu --target=x86_64-linux-gnu
Thread model: posix
gcc version 5.4.0 20160609 (Ubuntu 5.4.0-6ubuntu1~16.04.10) 
COMPILER_PATH=/usr/lib/gcc/x86_64-linux-gnu/5/:/usr/lib/gcc/x86_64-linux-gnu/5/:/usr/lib/gcc/x86_64-linux-gnu/:/usr/lib/gcc/x86_64-linux-gnu/5/:/usr/lib/gcc/x86_64-linux-gnu/
LIBRARY_PATH=/usr/lib/gcc/x86_64-linux-gnu/5/:/usr/lib/gcc/x86_64-linux-gnu/5/../../../x86_64-linux-gnu/:/usr/lib/gcc/x86_64-linux-gnu/5/../../../../lib/:/lib/x86_64-linux-gnu/:/lib/../lib/:/usr/lib/x86_64-linux-gnu/:/usr/lib/../lib/:/usr/lib/gcc/x86_64-linux-gnu/5/../../../:/lib/:/usr/lib/
COLLECT_GCC_OPTIONS='-v' '-o' 'cmTC_56229' '-rdynamic' '-shared-libgcc' '-mtune=generic' '-march=x86-64'
 /usr/lib/gcc/x86_64-linux-gnu/5/collect2 -plugin /usr/lib/gcc/x86_64-linux-gnu/5/liblto_plugin.so -plugin-opt=/usr/lib/gcc/x86_64-linux-gnu/5/lto-wrapper -plugin-opt=-fresolution=/tmp/ccU8QJaJ.res -plugin-opt=-pass-through=-lgcc_s -plugin-opt=-pass-through=-lgcc -plugin-opt=-pass-through=-lc -plugin-opt=-pass-through=-lgcc_s -plugin-opt=-pass-through=-lgcc --sysroot=/ --build-id --eh-frame-hdr -m elf_x86_64 --hash-style=gnu --as-needed -export-dynamic -dynamic-linker /lib64/ld-linux-x86-64.so.2 -z relro -o cmTC_56229 /usr/lib/gcc/x86_64-linux-gnu/5/../../../x86_64-linux-gnu/crt1.o /usr/lib/gcc/x86_64-linux-gnu/5/../../../x86_64-linux-gnu/crti.o /usr/lib/gcc/x86_64-linux-gnu/5/crtbegin.o -L/usr/lib/gcc/x86_64-linux-gnu/5 -L/usr/lib/gcc/x86_64-linux-gnu/5/../../../x86_64-linux-gnu -L/usr/lib/gcc/x86_64-linux-gnu/5/../../../../lib -L/lib/x86_64-linux-gnu -L/lib/../lib -L/usr/lib/x86_64-linux-gnu -L/usr/lib/../lib -L/usr/lib/gcc/x86_64-linux-gnu/5/../../.. CMakeFiles/cmTC_56229.dir/CMakeCXXCompilerABI.cpp.o -lstdc++ -lm -lgcc_s -lgcc -lc -lgcc_s -lgcc /usr/lib/gcc/x86_64-linux-gnu/5/crtend.o /usr/lib/gcc/x86_64-linux-gnu/5/../../../x86_64-linux-gnu/crtn.o
make[1]: Leaving directory '/home/owg/Documents/homework/Graphics/assignments/game_phase1/asteroids_template/CMakeFiles/CMakeTmp'


Parsed CXX implicit link information from above output:
  link line regex: [^( *|.*[/\])(ld|([^/\]+-)?ld|collect2)[^/\]*( |$)]
  ignore line: [Change Dir: /home/owg/Documents/homework/Graphics/assignments/game_phase1/asteroids_template/CMakeFiles/CMakeTmp]
  ignore line: []
  ignore line: [Run Build Command:"/usr/bin/make" "cmTC_56229/fast"]
  ignore line: [/usr/bin/make -f CMakeFiles/cmTC_56229.dir/build.make CMakeFiles/cmTC_56229.dir/build]
  ignore line: [make[1]: Entering directory '/home/owg/Documents/homework/Graphics/assignments/game_phase1/asteroids_template/CMakeFiles/CMakeTmp']
  ignore line: [Building CXX object CMakeFiles/cmTC_56229.dir/CMakeCXXCompilerABI.cpp.o]
  ignore line: [/usr/bin/c++      -o CMakeFiles/cmTC_56229.dir/CMakeCXXCompilerABI.cpp.o -c /usr/share/cmake-3.5/Modules/CMakeCXXCompilerABI.cpp]
  ignore line: [Linking CXX executable cmTC_56229]
  ignore line: [/usr/bin/cmake -E cmake_link_script CMakeFiles/cmTC_56229.dir/link.txt --verbose=1]
  ignore line: [/usr/bin/c++       -v CMakeFiles/cmTC_56229.dir/CMakeCXXCompilerABI.cpp.o  -o cmTC_56229 -rdynamic  ]
  ignore line: [Using built-in specs.]
  ignore line: [COLLECT_GCC=/usr/bin/c++]
  ignore line: [COLLECT_LTO_WRAPPER=/usr/lib/gcc/x86_64-linux-gnu/5/lto-wrapper]
  ignore line: [Target: x86_64-linux-gnu]
  ignore line: [Configured with: ../src/configure -v --with-pkgversion='Ubuntu 5.4.0-6ubuntu1~16.04.10' --with-bugurl=file:///usr/share/doc/gcc-5/README.Bugs --enable-languages=c,ada,c++,java,go,d,fortran,objc,obj-c++ --prefix=/usr --program-suffix=-5 --enable-shared --enable-linker-build-id --libexecdir=/usr/lib --without-included-gettext --enable-threads=posix --libdir=/usr/lib --enable-nls --with-sysroot=/ --enable-clocale=gnu --enable-libstdcxx-debug --enable-libstdcxx-time=yes --with-default-libstdcxx-abi=new --enable-gnu-unique-object --disable-vtable-verify --enable-libmpx --enable-plugin --with-system-zlib --disable-browser-plugin --enable-java-awt=gtk --enable-gtk-cairo --with-java-home=/usr/lib/jvm/java-1.5.0-gcj-5-amd64/jre --enable-java-home --with-jvm-root-dir=/usr/lib/jvm/java-1.5.0-gcj-5-amd64 --with-jvm-jar-dir=/usr/lib/jvm-exports/java-1.5.0-gcj-5-amd64 --with-arch-directory=amd64 --with-ecj-jar=/usr/share/java/eclipse-ecj.jar --enable-objc-gc --enable-multiarch --disable-werror --with-arch-32=i686 --with-abi=m64 --with-multilib-list=m32,m64,mx32 --enable-multilib --with-tune=generic --enable-checking=release --build=x86_64-linux-gnu --host=x86_64-linux-gnu --target=x86_64-linux-gnu]
  ignore line: [Thread model: posix]
  ignore line: [gcc version 5.4.0 20160609 (Ubuntu 5.4.0-6ubuntu1~16.04.10) ]
  ignore line: [COMPILER_PATH=/usr/lib/gcc/x86_64-linux-gnu/5/:/usr/lib/gcc/x86_64-linux-gnu/5/:/usr/lib/gcc/x86_64-linux-gnu/:/usr/lib/gcc/x86_64-linux-gnu/5/:/usr/lib/gcc/x86_64-linux-gnu/]
  ignore line: [LIBRARY_PATH=/usr/lib/gcc/x86_64-linux-gnu/5/:/usr/lib/gcc/x86_64-linux-gnu/5/../../../x86_64-linux-gnu/:/usr/lib/gcc/x86_64-linux-gnu/5/../../../../lib/:/lib/x86_64-linux-gnu/:/lib/../lib/:/usr/lib/x86_64-linux-gnu/:/usr/lib/../lib/:/usr/lib/gcc/x86_64-linux-gnu/5/../../../:/lib/:/usr/lib/]
  ignore line: [COLLECT_GCC_OPTIONS='-v' '-o' 'cmTC_56229' '-rdynamic' '-shared-libgcc' '-mtune=generic' '-march=x86-64']
  link line: [ /usr/lib/gcc/x86_64-linux-gnu/5/collect2 -plugin /usr/lib/gcc/x86_64-linux-gnu/5/liblto_plugin.so -plugin-opt=/usr/lib/gcc/x86_64-linux-gnu/5/lto-wrapper -plugin-opt=-fresolution=/tmp/ccU8QJaJ.res -plugin-opt=-pass-through=-lgcc_s -plugin-opt=-pass-through=-lgcc -plugin-opt=-pass-through=-lc -plugin-opt=-pass-through=-lgcc_s -plugin-opt=-pass-through=-lgcc --sysroot=/ --build-id --eh-frame-hdr -m elf_x86_64 --hash-style=gnu --as-needed -export-dynamic -dynamic-linker /lib64/ld-linux-x86-64.so.2 -z relro -o cmTC_56229 /usr/lib/gcc/x86_64-linux-gnu/5/../../../x86_64-linux-gnu/crt1.o /usr/lib/gcc/x86_64-linux-gnu/5/../../../x86_64-linux-gnu/crti.o /usr/lib/gcc/x86_64-linux-gnu/5/crtbegin.o -L/usr/lib/gcc/x86_64-linux-gnu/5 -L/usr/lib/gcc/x86_64-linux-gnu/5/../../../x86_64-linux-gnu -L/usr/lib/gcc/x86_64-linux-gnu/5/../../../../lib -L/lib/x86_64-linux-gnu -L/lib/../lib -L/usr/lib/x86_64-linux-gnu -L/usr/lib/../lib -L/usr/lib/gcc/x86_64-linux-gnu/5/../../.. CMakeFiles/cmTC_56229.dir/CMakeCXXCompilerABI.cpp.o -lstdc++ -lm -lgcc_s -lgcc -lc -lgcc_s -lgcc /usr/lib/gcc/x86_64-linux-gnu/5/crtend.o /usr/lib/gcc/x86_64-linux-gnu/5/../../../x86_64-linux-gnu/crtn.o]
    arg [/usr/lib/gcc/x86_64-linux-gnu/5/collect2] ==> ignore
    arg [-plugin] ==> ignore
    arg [/usr/lib/gcc/x86_64-linux-gnu/5/liblto_plugin.so] ==> ignore
    arg [-plugin-opt=/usr/lib/gcc/x86_64-linux-gnu/5/lto-wrapper] ==> ignore
    arg [-plugin-opt=-fresolution=/tmp/ccU8QJaJ.res] ==> ignore
    arg [-plugin-opt=-pass-through=-lgcc_s] ==> ignore
    arg [-plugin-opt=-pass-through=-lgcc] ==> ignore
    arg [-plugin-opt=-pass-through=-lc] ==> ignore
    arg [-plugin-opt=-pass-through=-lgcc_s] ==> ignore
    arg [-plugin-opt=-pass-through=-lgcc] ==> ignore
    arg [--sysroot=/] ==> ignore
    arg [--build-id] ==> ignore
    arg [--eh-frame-hdr] ==> ignore
    arg [-m] ==> ignore
    arg [elf_x86_64] ==> ignore
    arg [--hash-style=gnu] ==> ignore
    arg [--as-needed] ==> ignore
    arg [-export-dynamic] ==> ignore
    arg [-dynamic-linker] ==> ignore
    arg [/lib64/ld-linux-x86-64.so.2] ==> ignore
    arg [-zrelro] ==> ignore
    arg [-o] ==> ignore
    arg [cmTC_56229] ==> ignore
    arg [/usr/lib/gcc/x86_64-linux-gnu/5/../../../x86_64-linux-gnu/crt1.o] ==> ignore
    arg [/usr/lib/gcc/x86_64-linux-gnu/5/../../../x86_64-linux-gnu/crti.o] ==> ignore
    arg [/usr/lib/gcc/x86_64-linux-gnu/5/crtbegin.o] ==> ignore
    arg [-L/usr/lib/gcc/x86_64-linux-gnu/5] ==> dir [/usr/lib/gcc/x86_64-linux-gnu/5]
    arg [-L/usr/lib/gcc/x86_64-linux-gnu/5/../../../x86_64-linux-gnu] ==> dir [/usr/lib/gcc/x86_64-linux-gnu/5/../../../x86_64-linux-gnu]
    arg [-L/usr/lib/gcc/x86_64-linux-gnu/5/../../../../lib] ==> dir [/usr/lib/gcc/x86_64-linux-gnu/5/../../../../lib]
    arg [-L/lib/x86_64-linux-gnu] ==> dir [/lib/x86_64-linux-gnu]
    arg [-L/lib/../lib] ==> dir [/lib/../lib]
    arg [-L/usr/lib/x86_64-linux-gnu] ==> dir [/usr/lib/x86_64-linux-gnu]
    arg [-L/usr/lib/../lib] ==> dir [/usr/lib/../lib]
    arg [-L/usr/lib/gcc/x86_64-linux-gnu/5/../../..] ==> dir [/usr/lib/gcc/x86_64-linux-gnu/5/../../..]
    arg [CMakeFiles/cmTC_56229.dir/CMakeCXXCompilerABI.cpp.o] ==> ignore
    arg [-lstdc++] ==> lib [stdc++]
    arg [-lm] ==> lib [m]
    arg [-lgcc_s] ==> lib [gcc_s]
    arg [-lgcc] ==> lib [gcc]
    arg [-lc] ==> lib [c]
    arg [-lgcc_s] ==> lib [gcc_s]
    arg [-lgcc] ==> lib [gcc]
    arg [/usr/lib/gcc/x86_64-linux-gnu/5/crtend.o] ==> ignore
    arg [/usr/lib/gcc/x86_64-linux-gnu/5/../../../x86_64-linux-gnu/crtn.o] ==> ignore
  remove lib [gcc_s]
  remove lib [gcc]
  remove lib [gcc_s]
  remove lib [gcc]
  collapse library dir [/usr/lib/gcc/x86_64-linux-gnu/5] ==> [/usr/lib/gcc/x86_64-linux-gnu/5]
  collapse library dir [/usr/lib/gcc/x86_64-linux-gnu/5/../../../x86_64-linux-gnu] ==> [/usr/lib/x86_64-linux-gnu]
  collapse library dir [/usr/lib/gcc/x86_64-linux-gnu/5/../../../../lib] ==> [/usr/lib]
  collapse library dir [/lib/x86_64-linux-gnu] ==> [/lib/x86_64-linux-gnu]
  collapse library dir [/lib/../lib] ==> [/lib]
  collapse library dir [/usr/lib/x86_64-linux-gnu] ==> [/usr/lib/x86_64-linux-gnu]
  collapse library dir [/usr/lib/../lib] ==> [/usr/lib]
  collapse library dir [/usr/lib/gcc/x86_64-linux-gnu/5/../../..] ==> [/usr/lib]
  implicit libs: [stdc++;m;c]
  implicit dirs: [/usr/lib/gcc/x86_64-linux-gnu/5;/usr/lib/x86_64-linux-gnu;/usr/lib;/lib/x86_64-linux-gnu;/lib]
  implicit fwks: []




Detecting CXX [-std=c++14] compiler features compiled with the following output:
Change Dir: /home/owg/Documents/homework/Graphics/assignments/game_phase1/asteroids_template/CMakeFiles/CMakeTmp

Run Build Command:"/usr/bin/make" "cmTC_30857/fast"
/usr/bin/make -f CMakeFiles/cmTC_30857.dir/build.make CMakeFiles/cmTC_30857.dir/build
make[1]: Entering directory '/home/owg/Documents/homework/Graphics/assignments/game_phase1/asteroids_template/CMakeFiles/CMakeTmp'
Building CXX object CMakeFiles/cmTC_30857.dir/feature_tests.cxx.o
/usr/bin/c++     -std=c++14 -o CMakeFiles/cmTC_30857.dir/feature_tests.cxx.o -c /home/owg/Documents/homework/Graphics/assignments/game_phase1/asteroids_template/CMakeFiles/feature_tests.cxx
Linking CXX executable cmTC_30857
/usr/bin/cmake -E cmake_link_script CMakeFiles/cmTC_30857.dir/link.txt --verbose=1
/usr/bin/c++        CMakeFiles/cmTC_30857.dir/feature_tests.cxx.o  -o cmTC_30857 -rdynamic 
make[1]: Leaving directory '/home/owg/Documents/homework/Graphics/assignments/game_phase1/asteroids_template/CMakeFiles/CMakeTmp'


    Feature record: CXX_FEATURE:1cxx_aggregate_default_initializers
    Feature record: CXX_FEATURE:1cxx_alias_templates
    Feature record: CXX_FEATURE:1cxx_alignas
    Feature record: CXX_FEATURE:1cxx_alignof
    Feature record: CXX_FEATURE:1cxx_attributes
    Feature record: CXX_FEATURE:1cxx_attribute_deprecated
    Feature record: CXX_FEATURE:1cxx_auto_type
    Feature record: CXX_FEATURE:1cxx_binary_literals
    Feature record: CXX_FEATURE:1cxx_constexpr
    Feature record: CXX_FEATURE:1cxx_contextual_conversions
    Feature record: CXX_FEATURE:1cxx_decltype
    Feature record: CXX_FEATURE:1cxx_decltype_auto
    Feature record: CXX_FEATURE:1cxx_decltype_incomplete_return_types
    Feature record: CXX_FEATURE:1cxx_default_function_template_args
    Feature record: CXX_FEATURE:1cxx_defaulted_functions
    Feature record: CXX_FEATURE:1cxx_defaulted_move_initializers
    Feature record: CXX_FEATURE:1cxx_delegating_constructors
    Feature record: CXX_FEATURE:1cxx_deleted_functions
    Feature record: CXX_FEATURE:1cxx_digit_separators
    Feature record: CXX_FEATURE:1cxx_enum_forward_declarations
    Feature record: CXX_FEATURE:1cxx_explicit_conversions
    Feature record: CXX_FEATURE:1cxx_extended_friend_declarations
    Feature record: CXX_FEATURE:1cxx_extern_templates
    Feature record: CXX_FEATURE:1cxx_final
    Feature record: CXX_FEATURE:1cxx_func_identifier
    Feature record: CXX_FEATURE:1cxx_generalized_initializers
    Feature record: CXX_FEATURE:1cxx_generic_lambdas
    Feature record: CXX_FEATURE:1cxx_inheriting_constructors
    Feature record: CXX_FEATURE:1cxx_inline_namespaces
    Feature record: CXX_FEATURE:1cxx_lambdas
    Feature record: CXX_FEATURE:1cxx_lambda_init_captures
    Feature record: CXX_FEATURE:1cxx_local_type_template_args
    Feature record: CXX_FEATURE:1cxx_long_long_type
    Feature record: CXX_FEATURE:1cxx_noexcept
    Feature record: CXX_FEATURE:1cxx_nonstatic_member_init
    Feature record: CXX_FEATURE:1cxx_nullptr
    Feature record: CXX_FEATURE:1cxx_override
    Feature record: CXX_FEATURE:1cxx_range_for
    Feature record: CXX_FEATURE:1cxx_raw_string_literals
    Feature record: CXX_FEATURE:1cxx_reference_qualified_functions
    Feature record: CXX_FEATURE:1cxx_relaxed_constexpr
    Feature record: CXX_FEATURE:1cxx_return_type_deduction
    Feature record: CXX_FEATURE:1cxx_right_angle_brackets
    Feature record: CXX_FEATURE:1cxx_rvalue_references
    Feature record: CXX_FEATURE:1cxx_sizeof_member
    Feature record: CXX_FEATURE:1cxx_static_assert
    Feature record: CXX_FEATURE:1cxx_strong_enums
    Feature record: CXX_FEATURE:1cxx_template_template_parameters
    Feature record: CXX_FEATURE:1cxx_thread_local
    Feature record: CXX_FEATURE:1cxx_trailing_return_types
    Feature record: CXX_FEATURE:1cxx_unicode_literals
    Feature record: CXX_FEATURE:1cxx_uniform_initialization
    Feature record: CXX_FEATURE:1cxx_unrestricted_unions
    Feature record: CXX_FEATURE:1cxx_user_literals
    Feature record: CXX_FEATURE:1cxx_variable_templates
    Feature record: CXX_FEATURE:1cxx_variadic_macros
    Feature record: CXX_FEATURE:1cxx_variadic_templates


Detecting CXX [-std=c++11] compiler features compiled with the following output:
Change Dir: /home/owg/Documents/homework/Graphics/assignments/game_phase1/asteroids_template/CMakeFiles/CMakeTmp

Run Build Command:"/usr/bin/make" "cmTC_8568a/fast"
/usr/bin/make -f CMakeFiles/cmTC_8568a.dir/build.make CMakeFiles/cmTC_8568a.dir/build
make[1]: Entering directory '/home/owg/Documents/homework/Graphics/assignments/game_phase1/asteroids_template/CMakeFiles/CMakeTmp'
Building CXX object CMakeFiles/cmTC_8568a.dir/feature_tests.cxx.o
/usr/bin/c++     -std=c++11 -o CMakeFiles/cmTC_8568a.dir/feature_tests.cxx.o -c /home/owg/Documents/homework/Graphics/assignments/game_phase1/asteroids_template/CMakeFiles/feature_tests.cxx
Linking CXX executable cmTC_8568a
/usr/bin/cmake -E cmake_link_script CMakeFiles/cmTC_8568a.dir/link.txt --verbose=1
/usr/bin/c++        CMakeFiles/cmTC_8568a.dir/feature_tests.cxx.o  -o cmTC_8568a -rdynamic 
make[1]: Leaving directory '/home/owg/Documents/homework/Graphics/assignments/game_phase1/asteroids_template/CMakeFiles/CMakeTmp'


    Feature record: CXX_FEATURE:0cxx_aggregate_default_initializers
    Feature record: CXX_FEATURE:1cxx_alias_templates
    Feature record: CXX_FEATURE:1cxx_alignas
    Feature record: CXX_FEATURE:1cxx_alignof
    Feature record: CXX_FEATURE:1cxx_attributes
    Feature record: CXX_FEATURE:0cxx_attribute_deprecated
    Feature record: CXX_FEATURE:1cxx_auto_type
    Feature record: CXX_FEATURE:0cxx_binary_literals
    Feature record: CXX_FEATURE:1cxx_constexpr
    Feature record: CXX_FEATURE:0cxx_contextual_conversions
    Feature record: CXX_FEATURE:1cxx_decltype
    Feature record: CXX_FEATURE:0cxx_decltype_auto
    Feature record: CXX_FEATURE:1cxx_decltype_incomplete_return_types
    Feature record: CXX_FEATURE:1cxx_default_function_template_args
    Feature record: CXX_FEATURE:1cxx_defaulted_functions
    Feature record: CXX_FEATURE:1cxx_defaulted_move_initializers
    Feature record: CXX_FEATURE:1cxx_delegating_constructors
    Feature record: CXX_FEATURE:1cxx_deleted_functions
    Feature record: CXX_FEATURE:0cxx_digit_separators
    Feature record: CXX_FEATURE:1cxx_enum_forward_declarations
    Feature record: CXX_FEATURE:1cxx_explicit_conversions
    Feature record: CXX_FEATURE:1cxx_extended_friend_declarations
    Feature record: CXX_FEATURE:1cxx_extern_templates
    Feature record: CXX_FEATURE:1cxx_final
    Feature record: CXX_FEATURE:1cxx_func_identifier
    Feature record: CXX_FEATURE:1cxx_generalized_initializers
    Feature record: CXX_FEATURE:0cxx_generic_lambdas
    Feature record: CXX_FEATURE:1cxx_inheriting_constructors
    Feature record: CXX_FEATURE:1cxx_inline_namespaces
    Feature record: CXX_FEATURE:1cxx_lambdas
    Feature record: CXX_FEATURE:0cxx_lambda_init_captures
    Feature record: CXX_FEATURE:1cxx_local_type_template_args
    Feature record: CXX_FEATURE:1cxx_long_long_type
    Feature record: CXX_FEATURE:1cxx_noexcept
    Feature record: CXX_FEATURE:1cxx_nonstatic_member_init
    Feature record: CXX_FEATURE:1cxx_nullptr
    Feature record: CXX_FEATURE:1cxx_override
    Feature record: CXX_FEATURE:1cxx_range_for
    Feature record: CXX_FEATURE:1cxx_raw_string_literals
    Feature record: CXX_FEATURE:1cxx_reference_qualified_functions
    Feature record: CXX_FEATURE:0cxx_relaxed_constexpr
    Feature record: CXX_FEATURE:0cxx_return_type_deduction
    Feature record: CXX_FEATURE:1cxx_right_angle_brackets
    Feature record: CXX_FEATURE:1cxx_rvalue_references
    Feature record: CXX_FEATURE:1cxx_sizeof_member
    Feature record: CXX_FEATURE:1cxx_static_assert
    Feature record: CXX_FEATURE:1cxx_strong_enums
    Feature record: CXX_FEATURE:1cxx_template_template_parameters
    Feature record: CXX_FEATURE:1cxx_thread_local
    Feature record: CXX_FEATURE:1cxx_trailing_return_types
    Feature record: CXX_FEATURE:1cxx_unicode_literals
    Feature record: CXX_FEATURE:1cxx_uniform_initialization
    Feature record: CXX_FEATURE:1cxx_unrestricted_unions
    Feature record: CXX_FEATURE:1cxx_user_literals
    Feature record: CXX_FEATURE:0cxx_variable_templates
    Feature record: CXX_FEATURE:1cxx_variadic_macros
    Feature record: CXX_FEATURE:1cxx_variadic_templates


Detecting CXX [-std=c++98] compiler features compiled with the following output:
Change Dir: /home/owg/Documents/homework/Graphics/assignments/game_phase1/asteroids_template/CMakeFiles/CMakeTmp

Run Build Command:"/usr/bin/make" "cmTC_c7c35/fast"
/usr/bin/make -f CMakeFiles/cmTC_c7c35.dir/build.make CMakeFiles/cmTC_c7c35.dir/build
make[1]: Entering directory '/home/owg/Documents/homework/Graphics/assignments/game_phase1/asteroids_template/CMakeFiles/CMakeTmp'
Building CXX object CMakeFiles/cmTC_c7c35.dir/feature_tests.cxx.o
/usr/bin/c++     -std=c++98 -o CMakeFiles/cmTC_c7c35.dir/feature_tests.cxx.o -c /home/owg/Documents/homework/Graphics/assignments/game_phase1/asteroids_template/CMakeFiles/feature_tests.cxx
Linking CXX executable cmTC_c7c35
/usr/bin/cmake -E cmake_link_script CMakeFiles/cmTC_c7c35.dir/link.txt --verbose=1
/usr/bin/c++        CMakeFiles/cmTC_c7c35.dir/feature_tests.cxx.o  -o cmTC_c7c35 -rdynamic 
make[1]: Leaving directory '/home/owg/Documents/homework/Graphics/assignments/game_phase1/asteroids_template/CMakeFiles/CMakeTmp'


    Feature record: CXX_FEATURE:0cxx_aggregate_default_initializers
    Feature record: CXX_FEATURE:0cxx_alias_templates
    Feature record: CXX_FEATURE:0cxx_alignas
    Feature record: CXX_FEATURE:0cxx_alignof
    Feature record: CXX_FEATURE:0cxx_attributes
    Feature record: CXX_FEATURE:0cxx_attribute_deprecated
    Feature record: CXX_FEATURE:0cxx_auto_type
    Feature record: CXX_FEATURE:0cxx_binary_literals
    Feature record: CXX_FEATURE:0cxx_constexpr
    Feature record: CXX_FEATURE:0cxx_contextual_conversions
    Feature record: CXX_FEATURE:0cxx_decltype
    Feature record: CXX_FEATURE:0cxx_decltype_auto
    Feature record: CXX_FEATURE:0cxx_decltype_incomplete_return_types
    Feature record: CXX_FEATURE:0cxx_default_function_template_args
    Feature record: CXX_FEATURE:0cxx_defaulted_functions
    Feature record: CXX_FEATURE:0cxx_defaulted_move_initializers
    Feature record: CXX_FEATURE:0cxx_delegating_constructors
    Feature record: CXX_FEATURE:0cxx_deleted_functions
    Feature record: CXX_FEATURE:0cxx_digit_separators
    Feature record: CXX_FEATURE:0cxx_enum_forward_declarations
    Feature record: CXX_FEATURE:0cxx_explicit_conversions
    Feature record: CXX_FEATURE:0cxx_extended_friend_declarations
    Feature record: CXX_FEATURE:0cxx_extern_templates
    Feature record: CXX_FEATURE:0cxx_final
    Feature record: CXX_FEATURE:0cxx_func_identifier
    Feature record: CXX_FEATURE:0cxx_generalized_initializers
    Feature record: CXX_FEATURE:0cxx_generic_lambdas
    Feature record: CXX_FEATURE:0cxx_inheriting_constructors
    Feature record: CXX_FEATURE:0cxx_inline_namespaces
    Feature record: CXX_FEATURE:0cxx_lambdas
    Feature record: CXX_FEATURE:0cxx_lambda_init_captures
    Feature record: CXX_FEATURE:0cxx_local_type_template_args
    Feature record: CXX_FEATURE:0cxx_long_long_type
    Feature record: CXX_FEATURE:0cxx_noexcept
    Feature record: CXX_FEATURE:0cxx_nonstatic_member_init
    Feature record: CXX_FEATURE:0cxx_nullptr
    Feature record: CXX_FEATURE:0cxx_override
    Feature record: CXX_FEATURE:0cxx_range_for
    Feature record: CXX_FEATURE:0cxx_raw_string_literals
    Feature record: CXX_FEATURE:0cxx_reference_qualified_functions
    Feature record: CXX_FEATURE:0cxx_relaxed_constexpr
    Feature record: CXX_FEATURE:0cxx_return_type_deduction
    Feature record: CXX_FEATURE:0cxx_right_angle_brackets
    Feature record: CXX_FEATURE:0cxx_rvalue_references
    Feature record: CXX_FEATURE:0cxx_sizeof_member
    Feature record: CXX_FEATURE:0cxx_static_assert
    Feature record: CXX_FEATURE:0cxx_strong_enums
    Feature record: CXX_FEATURE:1cxx_template_template_parameters
    Feature record: CXX_FEATURE:0cxx_thread_local
    Feature record: CXX_FEATURE:0cxx_trailing_return_types
    Feature record: CXX_FEATURE:0cxx_unicode_literals
    Feature record: CXX_FEATURE:0cxx_uniform_initialization
    Feature record: CXX_FEATURE:0cxx_unrestricted_unions
    Feature record: CXX_FEATURE:0cxx_user_literals
    Feature record: CXX_FEATURE:0cxx_variable_templates
    Feature record: CXX_FEATURE:0cxx_variadic_macros
    Feature record: CXX_FEATURE:0cxx_variadic_templates
Determining if the include file pthread.h exists passed with the following output:
Change Dir: /home/owg/Documents/homework/Graphics/assignments/game_phase1/asteroids_template/CMakeFiles/CMakeTmp

Run Build Command:"/usr/bin/make" "cmTC_483a8/fast"
/usr/bin/make -f CMakeFiles/cmTC_483a8.dir/build.make CMakeFiles/cmTC_483a8.dir/build
make[1]: Entering directory '/home/owg/Documents/homework/Graphics/assignments/game_phase1/asteroids_template/CMakeFiles/CMakeTmp'
Building C object CMakeFiles/cmTC_483a8.dir/CheckIncludeFile.c.o
/usr/bin/cc     -o CMakeFiles/cmTC_483a8.dir/CheckIncludeFile.c.o   -c /home/owg/Documents/homework/Graphics/assignments/game_phase1/asteroids_template/CMakeFiles/CMakeTmp/CheckIncludeFile.c
Linking C executable cmTC_483a8
/usr/bin/cmake -E cmake_link_script CMakeFiles/cmTC_483a8.dir/link.txt --verbose=1
/usr/bin/cc       CMakeFiles/cmTC_483a8.dir/CheckIncludeFile.c.o  -o cmTC_483a8 -rdynamic 
make[1]: Leaving directory '/home/owg/Documents/homework/Graphics/assignments/game_phase1/asteroids_template/CMakeFiles/CMakeTmp'


Determining if the function pthread_create exists in the pthread passed with the following output:
Change Dir: /home/owg/Documents/homework/Graphics/assignments/game_phase1/asteroids_template/CMakeFiles/CMakeTmp

Run Build Command:"/usr/bin/make" "cmTC_e3f6b/fast"
/usr/bin/make -f CMakeFiles/cmTC_e3f6b.dir/build.make CMakeFiles/cmTC_e3f6b.dir/build
make[1]: Entering directory '/home/owg/Documents/homework/Graphics/assignments/game_phase1/asteroids_template/CMakeFiles/CMakeTmp'
Building C object CMakeFiles/cmTC_e3f6b.dir/CheckFunctionExists.c.o
/usr/bin/cc    -DCHECK_FUNCTION_EXISTS=pthread_create   -o CMakeFiles/cmTC_e3f6b.dir/CheckFunctionExists.c.o   -c /usr/share/cmake-3.5/Modules/CheckFunctionExists.c
Linking C executable cmTC_e3f6b
/usr/bin/cmake -E cmake_link_script CMakeFiles/cmTC_e3f6b.dir/link.txt --verbose=1
/usr/bin/cc   -DCHECK_FUNCTION_EXISTS=pthread_create    CMakeFiles/cmTC_e3f6b.dir/CheckFunctionExists.c.o  -o cmTC_e3f6b -rdynamic -lpthread 
make[1]: Leaving directory '/home/owg/Documents/homework/Graphics/assignments/game_phase1/asteroids_template/CMakeFiles/CMakeTmp'


Determining if the function XOpenDisplay exists in the /usr/lib/x86_64-linux-gnu/libX11.so;/usr/lib/x86_64-linux-gnu/libXext.so passed with the following output:
Change Dir: /home/owg/Documents/homework/Graphics/assignments/game_phase1/asteroids_template/CMakeFiles/CMakeTmp

Run Build Command:"/usr/bin/make" "cmTC_c6630/fast"
/usr/bin/make -f CMakeFiles/cmTC_c6630.dir/build.make CMakeFiles/cmTC_c6630.dir/build
make[1]: Entering directory '/home/owg/Documents/homework/Graphics/assignments/game_phase1/asteroids_template/CMakeFiles/CMakeTmp'
Building C object CMakeFiles/cmTC_c6630.dir/CheckFunctionExists.c.o
/usr/bin/cc    -DCHECK_FUNCTION_EXISTS=XOpenDisplay   -o CMakeFiles/cmTC_c6630.dir/CheckFunctionExists.c.o   -c /usr/share/cmake-3.5/Modules/CheckFunctionExists.c
Linking C executable cmTC_c6630
/usr/bin/cmake -E cmake_link_script CMakeFiles/cmTC_c6630.dir/link.txt --verbose=1
/usr/bin/cc   -DCHECK_FUNCTION_EXISTS=XOpenDisplay    CMakeFiles/cmTC_c6630.dir/CheckFunctionExists.c.o  -o cmTC_c6630 -rdynamic /usr/lib/x86_64-linux-gnu/libX11.so /usr/lib/x86_64-linux-gnu/libXext.so 
make[1]: Leaving directory '/home/owg/Documents/homework/Graphics/assignments/game_phase1/asteroids_template/CMakeFiles/CMakeTmp'


Determining if the function gethostbyname exists passed with the following output:
Change Dir: /home/owg/Documents/homework/Graphics/assignments/game_phase1/asteroids_template/CMakeFiles/CMakeTmp

Run Build Command:"/usr/bin/make" "cmTC_6e9bc/fast"
/usr/bin/make -f CMakeFiles/cmTC_6e9bc.dir/build.make CMakeFiles/cmTC_6e9bc.dir/build
make[1]: Entering directory '/home/owg/Documents/homework/Graphics/assignments/game_phase1/asteroids_template/CMakeFiles/CMakeTmp'
Building C object CMakeFiles/cmTC_6e9bc.dir/CheckFunctionExists.c.o
/usr/bin/cc    -DCHECK_FUNCTION_EXISTS=gethostbyname   -o CMakeFiles/cmTC_6e9bc.dir/CheckFunctionExists.c.o   -c /usr/share/cmake-3.5/Modules/CheckFunctionExists.c
Linking C executable cmTC_6e9bc
/usr/bin/cmake -E cmake_link_script CMakeFiles/cmTC_6e9bc.dir/link.txt --verbose=1
/usr/bin/cc   -DCHECK_FUNCTION_EXISTS=gethostbyname    CMakeFiles/cmTC_6e9bc.dir/CheckFunctionExists.c.o  -o cmTC_6e9bc -rdynamic 
make[1]: Leaving directory '/home/owg/Documents/homework/Graphics/assignments/game_phase1/asteroids_template/CMakeFiles/CMakeTmp'


Determining if the function connect exists passed with the following output:
Change Dir: /home/owg/Documents/homework/Graphics/assignments/game_phase1/asteroids_template/CMakeFiles/CMakeTmp

Run Build Command:"/usr/bin/make" "cmTC_4dab4/fast"
/usr/bin/make -f CMakeFiles/cmTC_4dab4.dir/build.make CMakeFiles/cmTC_4dab4.dir/build
make[1]: Entering directory '/home/owg/Documents/homework/Graphics/assignments/game_phase1/asteroids_template/CMakeFiles/CMakeTmp'
Building C object CMakeFiles/cmTC_4dab4.dir/CheckFunctionExists.c.o
/usr/bin/cc    -DCHECK_FUNCTION_EXISTS=connect   -o CMakeFiles/cmTC_4dab4.dir/CheckFunctionExists.c.o   -c /usr/share/cmake-3.5/Modules/CheckFunctionExists.c
Linking C executable cmTC_4dab4
/usr/bin/cmake -E cmake_link_script CMakeFiles/cmTC_4dab4.dir/link.txt --verbose=1
/usr/bin/cc   -DCHECK_FUNCTION_EXISTS=connect    CMakeFiles/cmTC_4dab4.dir/CheckFunctionExists.c.o  -o cmTC_4dab4 -rdynamic 
make[1]: Leaving directory '/home/owg/Documents/homework/Graphics/assignments/game_phase1/asteroids_template/CMakeFiles/CMakeTmp'


Determining if the function remove exists passed with the following output:
Change Dir: /home/owg/Documents/homework/Graphics/assignments/game_phase1/asteroids_template/CMakeFiles/CMakeTmp

Run Build Command:"/usr/bin/make" "cmTC_2175d/fast"
/usr/bin/make -f CMakeFiles/cmTC_2175d.dir/build.make CMakeFiles/cmTC_2175d.dir/build
make[1]: Entering directory '/home/owg/Documents/homework/Graphics/assignments/game_phase1/asteroids_template/CMakeFiles/CMakeTmp'
Building C object CMakeFiles/cmTC_2175d.dir/CheckFunctionExists.c.o
/usr/bin/cc    -DCHECK_FUNCTION_EXISTS=remove   -o CMakeFiles/cmTC_2175d.dir/CheckFunctionExists.c.o   -c /usr/share/cmake-3.5/Modules/CheckFunctionExists.c
Linking C executable cmTC_2175d
/usr/bin/cmake -E cmake_link_script CMakeFiles/cmTC_2175d.dir/link.txt --verbose=1
/usr/bin/cc   -DCHECK_FUNCTION_EXISTS=remove    CMakeFiles/cmTC_2175d.dir/CheckFunctionExists.c.o  -o cmTC_2175d -rdynamic 
make[1]: Leaving directory '/home/owg/Documents/homework/Graphics/assignments/game_phase1/asteroids_template/CMakeFiles/CMakeTmp'


Determining if the function shmat exists passed with the following output:
Change Dir: /home/owg/Documents/homework/Graphics/assignments/game_phase1/asteroids_template/CMakeFiles/CMakeTmp

Run Build Command:"/usr/bin/make" "cmTC_5ecaa/fast"
/usr/bin/make -f CMakeFiles/cmTC_5ecaa.dir/build.make CMakeFiles/cmTC_5ecaa.dir/build
make[1]: Entering directory '/home/owg/Documents/homework/Graphics/assignments/game_phase1/asteroids_template/CMakeFiles/CMakeTmp'
Building C object CMakeFiles/cmTC_5ecaa.dir/CheckFunctionExists.c.o
/usr/bin/cc    -DCHECK_FUNCTION_EXISTS=shmat   -o CMakeFiles/cmTC_5ecaa.dir/CheckFunctionExists.c.o   -c /usr/share/cmake-3.5/Modules/CheckFunctionExists.c
Linking C executable cmTC_5ecaa
/usr/bin/cmake -E cmake_link_script CMakeFiles/cmTC_5ecaa.dir/link.txt --verbose=1
/usr/bin/cc   -DCHECK_FUNCTION_EXISTS=shmat    CMakeFiles/cmTC_5ecaa.dir/CheckFunctionExists.c.o  -o cmTC_5ecaa -rdynamic 
make[1]: Leaving directory '/home/owg/Documents/homework/Graphics/assignments/game_phase1/asteroids_template/CMakeFiles/CMakeTmp'


Determining if the function IceConnectionNumber exists in the ICE passed with the following output:
Change Dir: /home/owg/Documents/homework/Graphics/assignments/game_phase1/asteroids_template/CMakeFiles/CMakeTmp

Run Build Command:"/usr/bin/make" "cmTC_5fb6c/fast"
/usr/bin/make -f CMakeFiles/cmTC_5fb6c.dir/build.make CMakeFiles/cmTC_5fb6c.dir/build
make[1]: Entering directory '/home/owg/Documents/homework/Graphics/assignments/game_phase1/asteroids_template/CMakeFiles/CMakeTmp'
Building C object CMakeFiles/cmTC_5fb6c.dir/CheckFunctionExists.c.o
/usr/bin/cc    -DCHECK_FUNCTION_EXISTS=IceConnectionNumber   -o CMakeFiles/cmTC_5fb6c.dir/CheckFunctionExists.c.o   -c /usr/share/cmake-3.5/Modules/CheckFunctionExists.c
Linking C executable cmTC_5fb6c
/usr/bin/cmake -E cmake_link_script CMakeFiles/cmTC_5fb6c.dir/link.txt --verbose=1
/usr/bin/cc   -DCHECK_FUNCTION_EXISTS=IceConnectionNumber    CMakeFiles/cmTC_5fb6c.dir/CheckFunctionExists.c.o  -o cmTC_5fb6c -rdynamic -lICE 
make[1]: Leaving directory '/home/owg/Documents/homework/Graphics/assignments/game_phase1/asteroids_template/CMakeFiles/CMakeTmp'


Determining if the include file pthread.h exists passed with the following output:
Change Dir: /home/owg/Documents/homework/Graphics/assignments/game_phase1/asteroids_template/CMakeFiles/CMakeTmp

Run Build Command:"/usr/bin/make" "cmTC_f5618/fast"
/usr/bin/make -f CMakeFiles/cmTC_f5618.dir/build.make CMakeFiles/cmTC_f5618.dir/build
make[1]: Entering directory '/home/owg/Documents/homework/Graphics/assignments/game_phase1/asteroids_template/CMakeFiles/CMakeTmp'
Building C object CMakeFiles/cmTC_f5618.dir/CheckIncludeFile.c.o
/usr/bin/cc     -o CMakeFiles/cmTC_f5618.dir/CheckIncludeFile.c.o   -c /home/owg/Documents/homework/Graphics/assignments/game_phase1/asteroids_template/CMakeFiles/CMakeTmp/CheckIncludeFile.c
Linking C executable cmTC_f5618
/usr/bin/cmake -E cmake_link_script CMakeFiles/cmTC_f5618.dir/link.txt --verbose=1
/usr/bin/cc       CMakeFiles/cmTC_f5618.dir/CheckIncludeFile.c.o  -o cmTC_f5618 -rdynamic 
make[1]: Leaving directory '/home/owg/Documents/homework/Graphics/assignments/game_phase1/asteroids_template/CMakeFiles/CMakeTmp'


Determining if the function pthread_create exists in the pthread passed with the following output:
Change Dir: /home/owg/Documents/homework/Graphics/assignments/game_phase1/asteroids_template/CMakeFiles/CMakeTmp

Run Build Command:"/usr/bin/make" "cmTC_51824/fast"
/usr/bin/make -f CMakeFiles/cmTC_51824.dir/build.make CMakeFiles/cmTC_51824.dir/build
make[1]: Entering directory '/home/owg/Documents/homework/Graphics/assignments/game_phase1/asteroids_template/CMakeFiles/CMakeTmp'
Building C object CMakeFiles/cmTC_51824.dir/CheckFunctionExists.c.o
/usr/bin/cc    -DCHECK_FUNCTION_EXISTS=pthread_create   -o CMakeFiles/cmTC_51824.dir/CheckFunctionExists.c.o   -c /usr/share/cmake-3.5/Modules/CheckFunctionExists.c
Linking C executable cmTC_51824
/usr/bin/cmake -E cmake_link_script CMakeFiles/cmTC_51824.dir/link.txt --verbose=1
/usr/bin/cc   -DCHECK_FUNCTION_EXISTS=pthread_create    CMakeFiles/cmTC_51824.dir/CheckFunctionExists.c.o  -o cmTC_51824 -rdynamic -lpthread 
make[1]: Leaving directory '/home/owg/Documents/homework/Graphics/assignments/game_phase1/asteroids_template/CMakeFiles/CMakeTmp'


Determining if the function XOpenDisplay exists in the /usr/lib/x86_64-linux-gnu/libX11.so;/usr/lib/x86_64-linux-gnu/libXext.so passed with the following output:
Change Dir: /home/owg/Documents/homework/Graphics/assignments/game_phase1/asteroids_template/CMakeFiles/CMakeTmp

Run Build Command:"/usr/bin/make" "cmTC_9eb81/fast"
/usr/bin/make -f CMakeFiles/cmTC_9eb81.dir/build.make CMakeFiles/cmTC_9eb81.dir/build
make[1]: Entering directory '/home/owg/Documents/homework/Graphics/assignments/game_phase1/asteroids_template/CMakeFiles/CMakeTmp'
Building C object CMakeFiles/cmTC_9eb81.dir/CheckFunctionExists.c.o
/usr/bin/cc    -DCHECK_FUNCTION_EXISTS=XOpenDisplay   -o CMakeFiles/cmTC_9eb81.dir/CheckFunctionExists.c.o   -c /usr/share/cmake-3.5/Modules/CheckFunctionExists.c
Linking C executable cmTC_9eb81
/usr/bin/cmake -E cmake_link_script CMakeFiles/cmTC_9eb81.dir/link.txt --verbose=1
/usr/bin/cc   -DCHECK_FUNCTION_EXISTS=XOpenDisplay    CMakeFiles/cmTC_9eb81.dir/CheckFunctionExists.c.o  -o cmTC_9eb81 -rdynamic /usr/lib/x86_64-linux-gnu/libX11.so /usr/lib/x86_64-linux-gnu/libXext.so 
make[1]: Leaving directory '/home/owg/Documents/homework/Graphics/assignments/game_phase1/asteroids_template/CMakeFiles/CMakeTmp'


Determining if the function gethostbyname exists passed with the following output:
Change Dir: /home/owg/Documents/homework/Graphics/assignments/game_phase1/asteroids_template/CMakeFiles/CMakeTmp

Run Build Command:"/usr/bin/make" "cmTC_71709/fast"
/usr/bin/make -f CMakeFiles/cmTC_71709.dir/build.make CMakeFiles/cmTC_71709.dir/build
make[1]: Entering directory '/home/owg/Documents/homework/Graphics/assignments/game_phase1/asteroids_template/CMakeFiles/CMakeTmp'
Building C object CMakeFiles/cmTC_71709.dir/CheckFunctionExists.c.o
/usr/bin/cc    -DCHECK_FUNCTION_EXISTS=gethostbyname   -o CMakeFiles/cmTC_71709.dir/CheckFunctionExists.c.o   -c /usr/share/cmake-3.5/Modules/CheckFunctionExists.c
Linking C executable cmTC_71709
/usr/bin/cmake -E cmake_link_script CMakeFiles/cmTC_71709.dir/link.txt --verbose=1
/usr/bin/cc   -DCHECK_FUNCTION_EXISTS=gethostbyname    CMakeFiles/cmTC_71709.dir/CheckFunctionExists.c.o  -o cmTC_71709 -rdynamic 
make[1]: Leaving directory '/home/owg/Documents/homework/Graphics/assignments/game_phase1/asteroids_template/CMakeFiles/CMakeTmp'


Determining if the function connect exists passed with the following output:
Change Dir: /home/owg/Documents/homework/Graphics/assignments/game_phase1/asteroids_template/CMakeFiles/CMakeTmp

Run Build Command:"/usr/bin/make" "cmTC_04cbf/fast"
/usr/bin/make -f CMakeFiles/cmTC_04cbf.dir/build.make CMakeFiles/cmTC_04cbf.dir/build
make[1]: Entering directory '/home/owg/Documents/homework/Graphics/assignments/game_phase1/asteroids_template/CMakeFiles/CMakeTmp'
Building C object CMakeFiles/cmTC_04cbf.dir/CheckFunctionExists.c.o
/usr/bin/cc    -DCHECK_FUNCTION_EXISTS=connect   -o CMakeFiles/cmTC_04cbf.dir/CheckFunctionExists.c.o   -c /usr/share/cmake-3.5/Modules/CheckFunctionExists.c
Linking C executable cmTC_04cbf
/usr/bin/cmake -E cmake_link_script CMakeFiles/cmTC_04cbf.dir/link.txt --verbose=1
/usr/bin/cc   -DCHECK_FUNCTION_EXISTS=connect    CMakeFiles/cmTC_04cbf.dir/CheckFunctionExists.c.o  -o cmTC_04cbf -rdynamic 
make[1]: Leaving directory '/home/owg/Documents/homework/Graphics/assignments/game_phase1/asteroids_template/CMakeFiles/CMakeTmp'


Determining if the function remove exists passed with the following output:
Change Dir: /home/owg/Documents/homework/Graphics/assignments/game_phase1/asteroids_template/CMakeFiles/CMakeTmp

Run Build Command:"/usr/bin/make" "cmTC_07399/fast"
/usr/bin/make -f CMakeFiles/cmTC_07399.dir/build.make CMakeFiles/cmTC_07399.dir/build
make[1]: Entering directory '/home/owg/Documents/homework/Graphics/assignments/game_phase1/asteroids_template/CMakeFiles/CMakeTmp'
Building C object CMakeFiles/cmTC_07399.dir/CheckFunctionExists.c.o
/usr/bin/cc    -DCHECK_FUNCTION_EXISTS=remove   -o CMakeFiles/cmTC_07399.dir/CheckFunctionExists.c.o   -c /usr/share/cmake-3.5/Modules/CheckFunctionExists.c
Linking C executable cmTC_07399
/usr/bin/cmake -E cmake_link_script CMakeFiles/cmTC_07399.dir/link.txt --verbose=1
/usr/bin/cc   -DCHECK_FUNCTION_EXISTS=remove    CMakeFiles/cmTC_07399.dir/CheckFunctionExists.c.o  -o cmTC_07399 -rdynamic 
make[1]: Leaving directory '/home/owg/Documents/homework/Graphics/assignments/game_phase1/asteroids_template/CMakeFiles/CMakeTmp'


Determining if the function shmat exists passed with the following output:
Change Dir: /home/owg/Documents/homework/Graphics/assignments/game_phase1/asteroids_template/CMakeFiles/CMakeTmp

Run Build Command:"/usr/bin/make" "cmTC_2edf7/fast"
/usr/bin/make -f CMakeFiles/cmTC_2edf7.dir/build.make CMakeFiles/cmTC_2edf7.dir/build
make[1]: Entering directory '/home/owg/Documents/homework/Graphics/assignments/game_phase1/asteroids_template/CMakeFiles/CMakeTmp'
Building C object CMakeFiles/cmTC_2edf7.dir/CheckFunctionExists.c.o
/usr/bin/cc    -DCHECK_FUNCTION_EXISTS=shmat   -o CMakeFiles/cmTC_2edf7.dir/CheckFunctionExists.c.o   -c /usr/share/cmake-3.5/Modules/CheckFunctionExists.c
Linking C executable cmTC_2edf7
/usr/bin/cmake -E cmake_link_script CMakeFiles/cmTC_2edf7.dir/link.txt --verbose=1
/usr/bin/cc   -DCHECK_FUNCTION_EXISTS=shmat    CMakeFiles/cmTC_2edf7.dir/CheckFunctionExists.c.o  -o cmTC_2edf7 -rdynamic 
make[1]: Leaving directory '/home/owg/Documents/homework/Graphics/assignments/game_phase1/asteroids_template/CMakeFiles/CMakeTmp'


Determining if the function IceConnectionNumber exists in the ICE passed with the following output:
Change Dir: /home/owg/Documents/homework/Graphics/assignments/game_phase1/asteroids_template/CMakeFiles/CMakeTmp

Run Build Command:"/usr/bin/make" "cmTC_d8882/fast"
/usr/bin/make -f CMakeFiles/cmTC_d8882.dir/build.make CMakeFiles/cmTC_d8882.dir/build
make[1]: Entering directory '/home/owg/Documents/homework/Graphics/assignments/game_phase1/asteroids_template/CMakeFiles/CMakeTmp'
Building C object CMakeFiles/cmTC_d8882.dir/CheckFunctionExists.c.o
/usr/bin/cc    -DCHECK_FUNCTION_EXISTS=IceConnectionNumber   -o CMakeFiles/cmTC_d8882.dir/CheckFunctionExists.c.o   -c /usr/share/cmake-3.5/Modules/CheckFunctionExists.c
Linking C executable cmTC_d8882
/usr/bin/cmake -E cmake_link_script CMakeFiles/cmTC_d8882.dir/link.txt --verbose=1
/usr/bin/cc   -DCHECK_FUNCTION_EXISTS=IceConnectionNumber    CMakeFiles/cmTC_d8882.dir/CheckFunctionExists.c.o  -o cmTC_d8882 -rdynamic -lICE 
make[1]: Leaving directory '/home/owg/Documents/homework/Graphics/assignments/game_phase1/asteroids_template/CMakeFiles/CMakeTmp'


Determining if the include file pthread.h exists passed with the following output:
Change Dir: /home/owg/Documents/homework/Graphics/assignments/game_phase1/asteroids_template/CMakeFiles/CMakeTmp

Run Build Command:"/usr/bin/make" "cmTC_e68f2/fast"
/usr/bin/make -f CMakeFiles/cmTC_e68f2.dir/build.make CMakeFiles/cmTC_e68f2.dir/build
make[1]: Entering directory '/home/owg/Documents/homework/Graphics/assignments/game_phase1/asteroids_template/CMakeFiles/CMakeTmp'
Building C object CMakeFiles/cmTC_e68f2.dir/CheckIncludeFile.c.o
/usr/bin/cc     -o CMakeFiles/cmTC_e68f2.dir/CheckIncludeFile.c.o   -c /home/owg/Documents/homework/Graphics/assignments/game_phase1/asteroids_template/CMakeFiles/CMakeTmp/CheckIncludeFile.c
Linking C executable cmTC_e68f2
/usr/bin/cmake -E cmake_link_script CMakeFiles/cmTC_e68f2.dir/link.txt --verbose=1
/usr/bin/cc       CMakeFiles/cmTC_e68f2.dir/CheckIncludeFile.c.o  -o cmTC_e68f2 -rdynamic 
make[1]: Leaving directory '/home/owg/Documents/homework/Graphics/assignments/game_phase1/asteroids_template/CMakeFiles/CMakeTmp'


Determining if the function pthread_create exists in the pthread passed with the following output:
Change Dir: /home/owg/Documents/homework/Graphics/assignments/game_phase1/asteroids_template/CMakeFiles/CMakeTmp

Run Build Command:"/usr/bin/make" "cmTC_05106/fast"
/usr/bin/make -f CMakeFiles/cmTC_05106.dir/build.make CMakeFiles/cmTC_05106.dir/build
make[1]: Entering directory '/home/owg/Documents/homework/Graphics/assignments/game_phase1/asteroids_template/CMakeFiles/CMakeTmp'
Building C object CMakeFiles/cmTC_05106.dir/CheckFunctionExists.c.o
/usr/bin/cc    -DCHECK_FUNCTION_EXISTS=pthread_create   -o CMakeFiles/cmTC_05106.dir/CheckFunctionExists.c.o   -c /usr/share/cmake-3.5/Modules/CheckFunctionExists.c
Linking C executable cmTC_05106
/usr/bin/cmake -E cmake_link_script CMakeFiles/cmTC_05106.dir/link.txt --verbose=1
/usr/bin/cc   -DCHECK_FUNCTION_EXISTS=pthread_create    CMakeFiles/cmTC_05106.dir/CheckFunctionExists.c.o  -o cmTC_05106 -rdynamic -lpthread 
make[1]: Leaving directory '/home/owg/Documents/homework/Graphics/assignments/game_phase1/asteroids_template/CMakeFiles/CMakeTmp'


Determining if the function XOpenDisplay exists in the /usr/lib/x86_64-linux-gnu/libX11.so;/usr/lib/x86_64-linux-gnu/libXext.so passed with the following output:
Change Dir: /home/owg/Documents/homework/Graphics/assignments/game_phase1/asteroids_template/CMakeFiles/CMakeTmp

Run Build Command:"/usr/bin/make" "cmTC_37ac2/fast"
/usr/bin/make -f CMakeFiles/cmTC_37ac2.dir/build.make CMakeFiles/cmTC_37ac2.dir/build
make[1]: Entering directory '/home/owg/Documents/homework/Graphics/assignments/game_phase1/asteroids_template/CMakeFiles/CMakeTmp'
Building C object CMakeFiles/cmTC_37ac2.dir/CheckFunctionExists.c.o
/usr/bin/cc    -DCHECK_FUNCTION_EXISTS=XOpenDisplay   -o CMakeFiles/cmTC_37ac2.dir/CheckFunctionExists.c.o   -c /usr/share/cmake-3.5/Modules/CheckFunctionExists.c
Linking C executable cmTC_37ac2
/usr/bin/cmake -E cmake_link_script CMakeFiles/cmTC_37ac2.dir/link.txt --verbose=1
/usr/bin/cc   -DCHECK_FUNCTION_EXISTS=XOpenDisplay    CMakeFiles/cmTC_37ac2.dir/CheckFunctionExists.c.o  -o cmTC_37ac2 -rdynamic /usr/lib/x86_64-linux-gnu/libX11.so /usr/lib/x86_64-linux-gnu/libXext.so 
make[1]: Leaving directory '/home/owg/Documents/homework/Graphics/assignments/game_phase1/asteroids_template/CMakeFiles/CMakeTmp'


Determining if the function gethostbyname exists passed with the following output:
Change Dir: /home/owg/Documents/homework/Graphics/assignments/game_phase1/asteroids_template/CMakeFiles/CMakeTmp

Run Build Command:"/usr/bin/make" "cmTC_59df8/fast"
/usr/bin/make -f CMakeFiles/cmTC_59df8.dir/build.make CMakeFiles/cmTC_59df8.dir/build
make[1]: Entering directory '/home/owg/Documents/homework/Graphics/assignments/game_phase1/asteroids_template/CMakeFiles/CMakeTmp'
Building C object CMakeFiles/cmTC_59df8.dir/CheckFunctionExists.c.o
/usr/bin/cc    -DCHECK_FUNCTION_EXISTS=gethostbyname   -o CMakeFiles/cmTC_59df8.dir/CheckFunctionExists.c.o   -c /usr/share/cmake-3.5/Modules/CheckFunctionExists.c
Linking C executable cmTC_59df8
/usr/bin/cmake -E cmake_link_script CMakeFiles/cmTC_59df8.dir/link.txt --verbose=1
/usr/bin/cc   -DCHECK_FUNCTION_EXISTS=gethostbyname    CMakeFiles/cmTC_59df8.dir/CheckFunctionExists.c.o  -o cmTC_59df8 -rdynamic 
make[1]: Leaving directory '/home/owg/Documents/homework/Graphics/assignments/game_phase1/asteroids_template/CMakeFiles/CMakeTmp'


Determining if the function connect exists passed with the following output:
Change Dir: /home/owg/Documents/homework/Graphics/assignments/game_phase1/asteroids_template/CMakeFiles/CMakeTmp

Run Build Command:"/usr/bin/make" "cmTC_68d13/fast"
/usr/bin/make -f CMakeFiles/cmTC_68d13.dir/build.make CMakeFiles/cmTC_68d13.dir/build
make[1]: Entering directory '/home/owg/Documents/homework/Graphics/assignments/game_phase1/asteroids_template/CMakeFiles/CMakeTmp'
Building C object CMakeFiles/cmTC_68d13.dir/CheckFunctionExists.c.o
/usr/bin/cc    -DCHECK_FUNCTION_EXISTS=connect   -o CMakeFiles/cmTC_68d13.dir/CheckFunctionExists.c.o   -c /usr/share/cmake-3.5/Modules/CheckFunctionExists.c
Linking C executable cmTC_68d13
/usr/bin/cmake -E cmake_link_script CMakeFiles/cmTC_68d13.dir/link.txt --verbose=1
/usr/bin/cc   -DCHECK_FUNCTION_EXISTS=connect    CMakeFiles/cmTC_68d13.dir/CheckFunctionExists.c.o  -o cmTC_68d13 -rdynamic 
make[1]: Leaving directory '/home/owg/Documents/homework/Graphics/assignments/game_phase1/asteroids_template/CMakeFiles/CMakeTmp'


Determining if the function remove exists passed with the following output:
Change Dir: /home/owg/Documents/homework/Graphics/assignments/game_phase1/asteroids_template/CMakeFiles/CMakeTmp

Run Build Command:"/usr/bin/make" "cmTC_b94da/fast"
/usr/bin/make -f CMakeFiles/cmTC_b94da.dir/build.make CMakeFiles/cmTC_b94da.dir/build
make[1]: Entering directory '/home/owg/Documents/homework/Graphics/assignments/game_phase1/asteroids_template/CMakeFiles/CMakeTmp'
Building C object CMakeFiles/cmTC_b94da.dir/CheckFunctionExists.c.o
/usr/bin/cc    -DCHECK_FUNCTION_EXISTS=remove   -o CMakeFiles/cmTC_b94da.dir/CheckFunctionExists.c.o   -c /usr/share/cmake-3.5/Modules/CheckFunctionExists.c
Linking C executable cmTC_b94da
/usr/bin/cmake -E cmake_link_script CMakeFiles/cmTC_b94da.dir/link.txt --verbose=1
/usr/bin/cc   -DCHECK_FUNCTION_EXISTS=remove    CMakeFiles/cmTC_b94da.dir/CheckFunctionExists.c.o  -o cmTC_b94da -rdynamic 
make[1]: Leaving directory '/home/owg/Documents/homework/Graphics/assignments/game_phase1/asteroids_template/CMakeFiles/CMakeTmp'


Determining if the function shmat exists passed with the following output:
Change Dir: /home/owg/Documents/homework/Graphics/assignments/game_phase1/asteroids_template/CMakeFiles/CMakeTmp

Run Build Command:"/usr/bin/make" "cmTC_e276a/fast"
/usr/bin/make -f CMakeFiles/cmTC_e276a.dir/build.make CMakeFiles/cmTC_e276a.dir/build
make[1]: Entering directory '/home/owg/Documents/homework/Graphics/assignments/game_phase1/asteroids_template/CMakeFiles/CMakeTmp'
Building C object CMakeFiles/cmTC_e276a.dir/CheckFunctionExists.c.o
/usr/bin/cc    -DCHECK_FUNCTION_EXISTS=shmat   -o CMakeFiles/cmTC_e276a.dir/CheckFunctionExists.c.o   -c /usr/share/cmake-3.5/Modules/CheckFunctionExists.c
Linking C executable cmTC_e276a
/usr/bin/cmake -E cmake_link_script CMakeFiles/cmTC_e276a.dir/link.txt --verbose=1
/usr/bin/cc   -DCHECK_FUNCTION_EXISTS=shmat    CMakeFiles/cmTC_e276a.dir/CheckFunctionExists.c.o  -o cmTC_e276a -rdynamic 
make[1]: Leaving directory '/home/owg/Documents/homework/Graphics/assignments/game_phase1/asteroids_template/CMakeFiles/CMakeTmp'


Determining if the function IceConnectionNumber exists in the ICE passed with the following output:
Change Dir: /home/owg/Documents/homework/Graphics/assignments/game_phase1/asteroids_template/CMakeFiles/CMakeTmp

Run Build Command:"/usr/bin/make" "cmTC_d1ffe/fast"
/usr/bin/make -f CMakeFiles/cmTC_d1ffe.dir/build.make CMakeFiles/cmTC_d1ffe.dir/build
make[1]: Entering directory '/home/owg/Documents/homework/Graphics/assignments/game_phase1/asteroids_template/CMakeFiles/CMakeTmp'
Building C object CMakeFiles/cmTC_d1ffe.dir/CheckFunctionExists.c.o
/usr/bin/cc    -DCHECK_FUNCTION_EXISTS=IceConnectionNumber   -o CMakeFiles/cmTC_d1ffe.dir/CheckFunctionExists.c.o   -c /usr/share/cmake-3.5/Modules/CheckFunctionExists.c
Linking C executable cmTC_d1ffe
/usr/bin/cmake -E cmake_link_script CMakeFiles/cmTC_d1ffe.dir/link.txt --verbose=1
/usr/bin/cc   -DCHECK_FUNCTION_EXISTS=IceConnectionNumber    CMakeFiles/cmTC_d1ffe.dir/CheckFunctionExists.c.o  -o cmTC_d1ffe -rdynamic -lICE 
make[1]: Leaving directory '/home/owg/Documents/homework/Graphics/assignments/game_phase1/asteroids_template/CMakeFiles/CMakeTmp'


Determining if the include file pthread.h exists passed with the following output:
Change Dir: /home/owg/Documents/homework/Graphics/assignments/game_phase1/asteroids_template/CMakeFiles/CMakeTmp

Run Build Command:"/usr/bin/make" "cmTC_fe2a5/fast"
/usr/bin/make -f CMakeFiles/cmTC_fe2a5.dir/build.make CMakeFiles/cmTC_fe2a5.dir/build
make[1]: Entering directory '/home/owg/Documents/homework/Graphics/assignments/game_phase1/asteroids_template/CMakeFiles/CMakeTmp'
Building C object CMakeFiles/cmTC_fe2a5.dir/CheckIncludeFile.c.o
/usr/bin/cc     -o CMakeFiles/cmTC_fe2a5.dir/CheckIncludeFile.c.o   -c /home/owg/Documents/homework/Graphics/assignments/game_phase1/asteroids_template/CMakeFiles/CMakeTmp/CheckIncludeFile.c
Linking C executable cmTC_fe2a5
/usr/bin/cmake -E cmake_link_script CMakeFiles/cmTC_fe2a5.dir/link.txt --verbose=1
/usr/bin/cc       CMakeFiles/cmTC_fe2a5.dir/CheckIncludeFile.c.o  -o cmTC_fe2a5 -rdynamic 
make[1]: Leaving directory '/home/owg/Documents/homework/Graphics/assignments/game_phase1/asteroids_template/CMakeFiles/CMakeTmp'


Determining if the function pthread_create exists in the pthread passed with the following output:
Change Dir: /home/owg/Documents/homework/Graphics/assignments/game_phase1/asteroids_template/CMakeFiles/CMakeTmp

Run Build Command:"/usr/bin/make" "cmTC_6a717/fast"
/usr/bin/make -f CMakeFiles/cmTC_6a717.dir/build.make CMakeFiles/cmTC_6a717.dir/build
make[1]: Entering directory '/home/owg/Documents/homework/Graphics/assignments/game_phase1/asteroids_template/CMakeFiles/CMakeTmp'
Building C object CMakeFiles/cmTC_6a717.dir/CheckFunctionExists.c.o
/usr/bin/cc    -DCHECK_FUNCTION_EXISTS=pthread_create   -o CMakeFiles/cmTC_6a717.dir/CheckFunctionExists.c.o   -c /usr/share/cmake-3.5/Modules/CheckFunctionExists.c
Linking C executable cmTC_6a717
/usr/bin/cmake -E cmake_link_script CMakeFiles/cmTC_6a717.dir/link.txt --verbose=1
/usr/bin/cc   -DCHECK_FUNCTION_EXISTS=pthread_create    CMakeFiles/cmTC_6a717.dir/CheckFunctionExists.c.o  -o cmTC_6a717 -rdynamic -lpthread 
make[1]: Leaving directory '/home/owg/Documents/homework/Graphics/assignments/game_phase1/asteroids_template/CMakeFiles/CMakeTmp'


Determining if the function XOpenDisplay exists in the /usr/lib/x86_64-linux-gnu/libX11.so;/usr/lib/x86_64-linux-gnu/libXext.so passed with the following output:
Change Dir: /home/owg/Documents/homework/Graphics/assignments/game_phase1/asteroids_template/CMakeFiles/CMakeTmp

Run Build Command:"/usr/bin/make" "cmTC_e8ff3/fast"
/usr/bin/make -f CMakeFiles/cmTC_e8ff3.dir/build.make CMakeFiles/cmTC_e8ff3.dir/build
make[1]: Entering directory '/home/owg/Documents/homework/Graphics/assignments/game_phase1/asteroids_template/CMakeFiles/CMakeTmp'
Building C object CMakeFiles/cmTC_e8ff3.dir/CheckFunctionExists.c.o
/usr/bin/cc    -DCHECK_FUNCTION_EXISTS=XOpenDisplay   -o CMakeFiles/cmTC_e8ff3.dir/CheckFunctionExists.c.o   -c /usr/share/cmake-3.5/Modules/CheckFunctionExists.c
Linking C executable cmTC_e8ff3
/usr/bin/cmake -E cmake_link_script CMakeFiles/cmTC_e8ff3.dir/link.txt --verbose=1
/usr/bin/cc   -DCHECK_FUNCTION_EXISTS=XOpenDisplay    CMakeFiles/cmTC_e8ff3.dir/CheckFunctionExists.c.o  -o cmTC_e8ff3 -rdynamic /usr/lib/x86_64-linux-gnu/libX11.so /usr/lib/x86_64-linux-gnu/libXext.so 
make[1]: Leaving directory '/home/owg/Documents/homework/Graphics/assignments/game_phase1/asteroids_template/CMakeFiles/CMakeTmp'


Determining if the function gethostbyname exists passed with the following output:
Change Dir: /home/owg/Documents/homework/Graphics/assignments/game_phase1/asteroids_template/CMakeFiles/CMakeTmp

Run Build Command:"/usr/bin/make" "cmTC_e144f/fast"
/usr/bin/make -f CMakeFiles/cmTC_e144f.dir/build.make CMakeFiles/cmTC_e144f.dir/build
make[1]: Entering directory '/home/owg/Documents/homework/Graphics/assignments/game_phase1/asteroids_template/CMakeFiles/CMakeTmp'
Building C object CMakeFiles/cmTC_e144f.dir/CheckFunctionExists.c.o
/usr/bin/cc    -DCHECK_FUNCTION_EXISTS=gethostbyname   -o CMakeFiles/cmTC_e144f.dir/CheckFunctionExists.c.o   -c /usr/share/cmake-3.5/Modules/CheckFunctionExists.c
Linking C executable cmTC_e144f
/usr/bin/cmake -E cmake_link_script CMakeFiles/cmTC_e144f.dir/link.txt --verbose=1
/usr/bin/cc   -DCHECK_FUNCTION_EXISTS=gethostbyname    CMakeFiles/cmTC_e144f.dir/CheckFunctionExists.c.o  -o cmTC_e144f -rdynamic 
make[1]: Leaving directory '/home/owg/Documents/homework/Graphics/assignments/game_phase1/asteroids_template/CMakeFiles/CMakeTmp'


Determining if the function connect exists passed with the following output:
Change Dir: /home/owg/Documents/homework/Graphics/assignments/game_phase1/asteroids_template/CMakeFiles/CMakeTmp

Run Build Command:"/usr/bin/make" "cmTC_5ddc9/fast"
/usr/bin/make -f CMakeFiles/cmTC_5ddc9.dir/build.make CMakeFiles/cmTC_5ddc9.dir/build
make[1]: Entering directory '/home/owg/Documents/homework/Graphics/assignments/game_phase1/asteroids_template/CMakeFiles/CMakeTmp'
Building C object CMakeFiles/cmTC_5ddc9.dir/CheckFunctionExists.c.o
/usr/bin/cc    -DCHECK_FUNCTION_EXISTS=connect   -o CMakeFiles/cmTC_5ddc9.dir/CheckFunctionExists.c.o   -c /usr/share/cmake-3.5/Modules/CheckFunctionExists.c
Linking C executable cmTC_5ddc9
/usr/bin/cmake -E cmake_link_script CMakeFiles/cmTC_5ddc9.dir/link.txt --verbose=1
/usr/bin/cc   -DCHECK_FUNCTION_EXISTS=connect    CMakeFiles/cmTC_5ddc9.dir/CheckFunctionExists.c.o  -o cmTC_5ddc9 -rdynamic 
make[1]: Leaving directory '/home/owg/Documents/homework/Graphics/assignments/game_phase1/asteroids_template/CMakeFiles/CMakeTmp'


Determining if the function remove exists passed with the following output:
Change Dir: /home/owg/Documents/homework/Graphics/assignments/game_phase1/asteroids_template/CMakeFiles/CMakeTmp

Run Build Command:"/usr/bin/make" "cmTC_e0d92/fast"
/usr/bin/make -f CMakeFiles/cmTC_e0d92.dir/build.make CMakeFiles/cmTC_e0d92.dir/build
make[1]: Entering directory '/home/owg/Documents/homework/Graphics/assignments/game_phase1/asteroids_template/CMakeFiles/CMakeTmp'
Building C object CMakeFiles/cmTC_e0d92.dir/CheckFunctionExists.c.o
/usr/bin/cc    -DCHECK_FUNCTION_EXISTS=remove   -o CMakeFiles/cmTC_e0d92.dir/CheckFunctionExists.c.o   -c /usr/share/cmake-3.5/Modules/CheckFunctionExists.c
Linking C executable cmTC_e0d92
/usr/bin/cmake -E cmake_link_script CMakeFiles/cmTC_e0d92.dir/link.txt --verbose=1
/usr/bin/cc   -DCHECK_FUNCTION_EXISTS=remove    CMakeFiles/cmTC_e0d92.dir/CheckFunctionExists.c.o  -o cmTC_e0d92 -rdynamic 
make[1]: Leaving directory '/home/owg/Documents/homework/Graphics/assignments/game_phase1/asteroids_template/CMakeFiles/CMakeTmp'


Determining if the function shmat exists passed with the following output:
Change Dir: /home/owg/Documents/homework/Graphics/assignments/game_phase1/asteroids_template/CMakeFiles/CMakeTmp

Run Build Command:"/usr/bin/make" "cmTC_893dd/fast"
/usr/bin/make -f CMakeFiles/cmTC_893dd.dir/build.make CMakeFiles/cmTC_893dd.dir/build
make[1]: Entering directory '/home/owg/Documents/homework/Graphics/assignments/game_phase1/asteroids_template/CMakeFiles/CMakeTmp'
Building C object CMakeFiles/cmTC_893dd.dir/CheckFunctionExists.c.o
/usr/bin/cc    -DCHECK_FUNCTION_EXISTS=shmat   -o CMakeFiles/cmTC_893dd.dir/CheckFunctionExists.c.o   -c /usr/share/cmake-3.5/Modules/CheckFunctionExists.c
Linking C executable cmTC_893dd
/usr/bin/cmake -E cmake_link_script CMakeFiles/cmTC_893dd.dir/link.txt --verbose=1
/usr/bin/cc   -DCHECK_FUNCTION_EXISTS=shmat    CMakeFiles/cmTC_893dd.dir/CheckFunctionExists.c.o  -o cmTC_893dd -rdynamic 
make[1]: Leaving directory '/home/owg/Documents/homework/Graphics/assignments/game_phase1/asteroids_template/CMakeFiles/CMakeTmp'


Determining if the function IceConnectionNumber exists in the ICE passed with the following output:
Change Dir: /home/owg/Documents/homework/Graphics/assignments/game_phase1/asteroids_template/CMakeFiles/CMakeTmp

Run Build Command:"/usr/bin/make" "cmTC_38a76/fast"
/usr/bin/make -f CMakeFiles/cmTC_38a76.dir/build.make CMakeFiles/cmTC_38a76.dir/build
make[1]: Entering directory '/home/owg/Documents/homework/Graphics/assignments/game_phase1/asteroids_template/CMakeFiles/CMakeTmp'
Building C object CMakeFiles/cmTC_38a76.dir/CheckFunctionExists.c.o
/usr/bin/cc    -DCHECK_FUNCTION_EXISTS=IceConnectionNumber   -o CMakeFiles/cmTC_38a76.dir/CheckFunctionExists.c.o   -c /usr/share/cmake-3.5/Modules/CheckFunctionExists.c
Linking C executable cmTC_38a76
/usr/bin/cmake -E cmake_link_script CMakeFiles/cmTC_38a76.dir/link.txt --verbose=1
/usr/bin/cc   -DCHECK_FUNCTION_EXISTS=IceConnectionNumber    CMakeFiles/cmTC_38a76.dir/CheckFunctionExists.c.o  -o cmTC_38a76 -rdynamic -lICE 
make[1]: Leaving directory '/home/owg/Documents/homework/Graphics/assignments/game_phase1/asteroids_template/CMakeFiles/CMakeTmp'


